{
  "/home/nithish/new/VoteOnline/app.js": {
    "path": "/home/nithish/new/VoteOnline/app.js",
    "statementMap": {
      "0": {
        "start": { "line": 3, "column": 16 },
        "end": { "line": 3, "column": 34 }
      },
      "1": {
        "start": { "line": 4, "column": 11 },
        "end": { "line": 4, "column": 31 }
      },
      "2": {
        "start": { "line": 5, "column": 19 },
        "end": { "line": 5, "column": 43 }
      },
      "3": {
        "start": { "line": 6, "column": 16 },
        "end": { "line": 6, "column": 36 }
      },
      "4": {
        "start": { "line": 7, "column": 12 },
        "end": { "line": 7, "column": 21 }
      },
      "5": {
        "start": { "line": 8, "column": 15 },
        "end": { "line": 8, "column": 46 }
      },
      "6": {
        "start": { "line": 17, "column": 4 },
        "end": { "line": 17, "column": 23 }
      },
      "7": {
        "start": { "line": 18, "column": 19 },
        "end": { "line": 18, "column": 41 }
      },
      "8": {
        "start": { "line": 19, "column": 17 },
        "end": { "line": 19, "column": 36 }
      },
      "9": {
        "start": { "line": 20, "column": 27 },
        "end": { "line": 20, "column": 58 }
      },
      "10": {
        "start": { "line": 21, "column": 16 },
        "end": { "line": 21, "column": 42 }
      },
      "11": {
        "start": { "line": 22, "column": 22 },
        "end": { "line": 22, "column": 47 }
      },
      "12": {
        "start": { "line": 23, "column": 15 },
        "end": { "line": 23, "column": 32 }
      },
      "13": {
        "start": { "line": 24, "column": 19 },
        "end": { "line": 24, "column": 21 }
      },
      "14": {
        "start": { "line": 25, "column": 0 },
        "end": { "line": 25, "column": 27 }
      },
      "15": {
        "start": { "line": 26, "column": 0 },
        "end": { "line": 26, "column": 49 }
      },
      "16": {
        "start": { "line": 27, "column": 0 },
        "end": { "line": 27, "column": 49 }
      },
      "17": {
        "start": { "line": 28, "column": 0 },
        "end": { "line": 28, "column": 77 }
      },
      "18": {
        "start": { "line": 29, "column": 13 },
        "end": { "line": 29, "column": 28 }
      },
      "19": {
        "start": { "line": 31, "column": 0 },
        "end": { "line": 31, "column": 57 }
      },
      "20": {
        "start": { "line": 32, "column": 14 },
        "end": { "line": 32, "column": 38 }
      },
      "21": {
        "start": { "line": 34, "column": 18 },
        "end": { "line": 34, "column": 47 }
      },
      "22": {
        "start": { "line": 36, "column": 14 },
        "end": { "line": 36, "column": 39 }
      },
      "23": {
        "start": { "line": 37, "column": 16 },
        "end": { "line": 37, "column": 36 }
      },
      "24": {
        "start": { "line": 39, "column": 0 },
        "end": { "line": 39, "column": 48 }
      },
      "25": {
        "start": { "line": 40, "column": 0 },
        "end": { "line": 40, "column": 17 }
      },
      "26": {
        "start": { "line": 42, "column": 0 },
        "end": { "line": 42, "column": 30 }
      },
      "27": {
        "start": { "line": 43, "column": 0 },
        "end": { "line": 48, "column": 3 }
      },
      "28": {
        "start": { "line": 44, "column": 2 },
        "end": { "line": 47, "column": 5 }
      },
      "29": {
        "start": { "line": 49, "column": 0 },
        "end": { "line": 56, "column": 2 }
      },
      "30": {
        "start": { "line": 57, "column": 0 },
        "end": { "line": 60, "column": 3 }
      },
      "31": {
        "start": { "line": 58, "column": 2 },
        "end": { "line": 58, "column": 45 }
      },
      "32": {
        "start": { "line": 59, "column": 2 },
        "end": { "line": 59, "column": 9 }
      },
      "33": {
        "start": { "line": 62, "column": 0 },
        "end": { "line": 62, "column": 31 }
      },
      "34": {
        "start": { "line": 63, "column": 0 },
        "end": { "line": 63, "column": 28 }
      },
      "35": {
        "start": { "line": 64, "column": 0 },
        "end": { "line": 86, "column": 2 }
      },
      "36": {
        "start": { "line": 72, "column": 6 },
        "end": { "line": 83, "column": 11 }
      },
      "37": {
        "start": { "line": 74, "column": 25 },
        "end": { "line": 74, "column": 70 }
      },
      "38": {
        "start": { "line": 75, "column": 10 },
        "end": { "line": 79, "column": 11 }
      },
      "39": {
        "start": { "line": 76, "column": 12 },
        "end": { "line": 76, "column": 36 }
      },
      "40": {
        "start": { "line": 78, "column": 12 },
        "end": { "line": 78, "column": 70 }
      },
      "41": {
        "start": { "line": 82, "column": 10 },
        "end": { "line": 82, "column": 70 }
      },
      "42": {
        "start": { "line": 88, "column": 0 },
        "end": { "line": 110, "column": 2 }
      },
      "43": {
        "start": { "line": 96, "column": 6 },
        "end": { "line": 107, "column": 11 }
      },
      "44": {
        "start": { "line": 98, "column": 25 },
        "end": { "line": 98, "column": 75 }
      },
      "45": {
        "start": { "line": 99, "column": 10 },
        "end": { "line": 103, "column": 11 }
      },
      "46": {
        "start": { "line": 100, "column": 12 },
        "end": { "line": 100, "column": 36 }
      },
      "47": {
        "start": { "line": 102, "column": 12 },
        "end": { "line": 102, "column": 70 }
      },
      "48": {
        "start": { "line": 106, "column": 10 },
        "end": { "line": 106, "column": 71 }
      },
      "49": {
        "start": { "line": 111, "column": 0 },
        "end": { "line": 113, "column": 3 }
      },
      "50": {
        "start": { "line": 112, "column": 2 },
        "end": { "line": 112, "column": 19 }
      },
      "51": {
        "start": { "line": 114, "column": 0 },
        "end": { "line": 116, "column": 3 }
      },
      "52": {
        "start": { "line": 115, "column": 2 },
        "end": { "line": 115, "column": 19 }
      },
      "53": {
        "start": { "line": 118, "column": 0 },
        "end": { "line": 120, "column": 3 }
      },
      "54": {
        "start": { "line": 119, "column": 2 },
        "end": { "line": 119, "column": 79 }
      },
      "55": {
        "start": { "line": 122, "column": 0 },
        "end": { "line": 127, "column": 3 }
      },
      "56": {
        "start": { "line": 123, "column": 2 },
        "end": { "line": 126, "column": 5 }
      },
      "57": {
        "start": { "line": 129, "column": 0 },
        "end": { "line": 179, "column": 3 }
      },
      "58": {
        "start": { "line": 130, "column": 2 },
        "end": { "line": 178, "column": 3 }
      },
      "59": {
        "start": { "line": 131, "column": 22 },
        "end": { "line": 131, "column": 74 }
      },
      "60": {
        "start": { "line": 132, "column": 4 },
        "end": { "line": 132, "column": 27 }
      },
      "61": {
        "start": { "line": 133, "column": 4 },
        "end": { "line": 136, "column": 5 }
      },
      "62": {
        "start": { "line": 134, "column": 6 },
        "end": { "line": 134, "column": 56 }
      },
      "63": {
        "start": { "line": 135, "column": 6 },
        "end": { "line": 135, "column": 42 }
      },
      "64": {
        "start": { "line": 137, "column": 4 },
        "end": { "line": 140, "column": 5 }
      },
      "65": {
        "start": { "line": 138, "column": 6 },
        "end": { "line": 138, "column": 51 }
      },
      "66": {
        "start": { "line": 139, "column": 6 },
        "end": { "line": 139, "column": 42 }
      },
      "67": {
        "start": { "line": 141, "column": 4 },
        "end": { "line": 144, "column": 5 }
      },
      "68": {
        "start": { "line": 142, "column": 6 },
        "end": { "line": 142, "column": 59 }
      },
      "69": {
        "start": { "line": 143, "column": 6 },
        "end": { "line": 143, "column": 42 }
      },
      "70": {
        "start": { "line": 145, "column": 4 },
        "end": { "line": 148, "column": 5 }
      },
      "71": {
        "start": { "line": 146, "column": 6 },
        "end": { "line": 146, "column": 71 }
      },
      "72": {
        "start": { "line": 147, "column": 6 },
        "end": { "line": 147, "column": 42 }
      },
      "73": {
        "start": { "line": 149, "column": 4 },
        "end": { "line": 152, "column": 5 }
      },
      "74": {
        "start": { "line": 150, "column": 6 },
        "end": { "line": 150, "column": 60 }
      },
      "75": {
        "start": { "line": 151, "column": 6 },
        "end": { "line": 151, "column": 42 }
      },
      "76": {
        "start": { "line": 158, "column": 18 },
        "end": { "line": 163, "column": 6 }
      },
      "77": {
        "start": { "line": 165, "column": 4 },
        "end": { "line": 172, "column": 7 }
      },
      "78": {
        "start": { "line": 166, "column": 6 },
        "end": { "line": 171, "column": 7 }
      },
      "79": {
        "start": { "line": 167, "column": 8 },
        "end": { "line": 167, "column": 25 }
      },
      "80": {
        "start": { "line": 168, "column": 8 },
        "end": { "line": 168, "column": 31 }
      },
      "81": {
        "start": { "line": 170, "column": 8 },
        "end": { "line": 170, "column": 40 }
      },
      "82": {
        "start": { "line": 174, "column": 4 },
        "end": { "line": 174, "column": 66 }
      },
      "83": {
        "start": { "line": 175, "column": 4 },
        "end": { "line": 175, "column": 62 }
      },
      "84": {
        "start": { "line": 177, "column": 4 },
        "end": { "line": 177, "column": 40 }
      },
      "85": {
        "start": { "line": 181, "column": 0 },
        "end": { "line": 222, "column": 2 }
      },
      "86": {
        "start": { "line": 186, "column": 6 },
        "end": { "line": 186, "column": 37 }
      },
      "87": {
        "start": { "line": 188, "column": 4 },
        "end": { "line": 220, "column": 5 }
      },
      "88": {
        "start": { "line": 189, "column": 25 },
        "end": { "line": 189, "column": 57 }
      },
      "89": {
        "start": { "line": 190, "column": 6 },
        "end": { "line": 193, "column": 7 }
      },
      "90": {
        "start": { "line": 191, "column": 8 },
        "end": { "line": 191, "column": 67 }
      },
      "91": {
        "start": { "line": 192, "column": 8 },
        "end": { "line": 192, "column": 53 }
      },
      "92": {
        "start": { "line": 194, "column": 18 },
        "end": { "line": 194, "column": 40 }
      },
      "93": {
        "start": { "line": 196, "column": 25 },
        "end": { "line": 196, "column": 57 }
      },
      "94": {
        "start": { "line": 197, "column": 6 },
        "end": { "line": 201, "column": 7 }
      },
      "95": {
        "start": { "line": 198, "column": 8 },
        "end": { "line": 198, "column": 63 }
      },
      "96": {
        "start": { "line": 199, "column": 8 },
        "end": { "line": 199, "column": 36 }
      },
      "97": {
        "start": { "line": 200, "column": 8 },
        "end": { "line": 200, "column": 53 }
      },
      "98": {
        "start": { "line": 202, "column": 6 },
        "end": { "line": 217, "column": 7 }
      },
      "99": {
        "start": { "line": 203, "column": 29 },
        "end": { "line": 207, "column": 10 }
      },
      "100": {
        "start": { "line": 208, "column": 8 },
        "end": { "line": 210, "column": 11 }
      },
      "101": {
        "start": { "line": 212, "column": 8 },
        "end": { "line": 215, "column": 10 }
      },
      "102": {
        "start": { "line": 216, "column": 8 },
        "end": { "line": 216, "column": 47 }
      },
      "103": {
        "start": { "line": 218, "column": 11 },
        "end": { "line": 220, "column": 5 }
      },
      "104": {
        "start": { "line": 219, "column": 6 },
        "end": { "line": 219, "column": 36 }
      },
      "105": {
        "start": { "line": 224, "column": 0 },
        "end": { "line": 234, "column": 2 }
      },
      "106": {
        "start": { "line": 231, "column": 4 },
        "end": { "line": 231, "column": 30 }
      },
      "107": {
        "start": { "line": 232, "column": 4 },
        "end": { "line": 232, "column": 36 }
      },
      "108": {
        "start": { "line": 236, "column": 0 },
        "end": { "line": 301, "column": 4 }
      },
      "109": {
        "start": { "line": 240, "column": 4 },
        "end": { "line": 242, "column": 5 }
      },
      "110": {
        "start": { "line": 241, "column": 6 },
        "end": { "line": 241, "column": 36 }
      },
      "111": {
        "start": { "line": 243, "column": 19 },
        "end": { "line": 243, "column": 71 }
      },
      "112": {
        "start": { "line": 244, "column": 4 },
        "end": { "line": 259, "column": 5 }
      },
      "113": {
        "start": { "line": 245, "column": 24 },
        "end": { "line": 245, "column": 71 }
      },
      "114": {
        "start": { "line": 246, "column": 6 },
        "end": { "line": 255, "column": 7 }
      },
      "115": {
        "start": { "line": 247, "column": 8 },
        "end": { "line": 252, "column": 11 }
      },
      "116": {
        "start": { "line": 254, "column": 8 },
        "end": { "line": 254, "column": 44 }
      },
      "117": {
        "start": { "line": 257, "column": 6 },
        "end": { "line": 257, "column": 25 }
      },
      "118": {
        "start": { "line": 258, "column": 6 },
        "end": { "line": 258, "column": 46 }
      },
      "119": {
        "start": { "line": 267, "column": 6 },
        "end": { "line": 299, "column": 7 }
      },
      "120": {
        "start": { "line": 268, "column": 8 },
        "end": { "line": 296, "column": 9 }
      },
      "121": {
        "start": { "line": 269, "column": 27 },
        "end": { "line": 271, "column": 11 }
      },
      "122": {
        "start": { "line": 272, "column": 10 },
        "end": { "line": 275, "column": 11 }
      },
      "123": {
        "start": { "line": 273, "column": 12 },
        "end": { "line": 273, "column": 58 }
      },
      "124": {
        "start": { "line": 274, "column": 12 },
        "end": { "line": 274, "column": 51 }
      },
      "125": {
        "start": { "line": 276, "column": 10 },
        "end": { "line": 281, "column": 11 }
      },
      "126": {
        "start": { "line": 277, "column": 12 },
        "end": { "line": 277, "column": 76 }
      },
      "127": {
        "start": { "line": 278, "column": 12 },
        "end": { "line": 280, "column": 14 }
      },
      "128": {
        "start": { "line": 282, "column": 10 },
        "end": { "line": 287, "column": 11 }
      },
      "129": {
        "start": { "line": 283, "column": 12 },
        "end": { "line": 283, "column": 74 }
      },
      "130": {
        "start": { "line": 284, "column": 12 },
        "end": { "line": 286, "column": 14 }
      },
      "131": {
        "start": { "line": 289, "column": 10 },
        "end": { "line": 292, "column": 13 }
      },
      "132": {
        "start": { "line": 294, "column": 10 },
        "end": { "line": 294, "column": 29 }
      },
      "133": {
        "start": { "line": 295, "column": 10 },
        "end": { "line": 295, "column": 50 }
      },
      "134": {
        "start": { "line": 297, "column": 13 },
        "end": { "line": 299, "column": 7 }
      },
      "135": {
        "start": { "line": 298, "column": 8 },
        "end": { "line": 298, "column": 38 }
      },
      "136": {
        "start": { "line": 303, "column": 0 },
        "end": { "line": 337, "column": 2 }
      },
      "137": {
        "start": { "line": 307, "column": 4 },
        "end": { "line": 335, "column": 5 }
      },
      "138": {
        "start": { "line": 308, "column": 6 },
        "end": { "line": 332, "column": 7 }
      },
      "139": {
        "start": { "line": 309, "column": 25 },
        "end": { "line": 311, "column": 9 }
      },
      "140": {
        "start": { "line": 312, "column": 8 },
        "end": { "line": 314, "column": 9 }
      },
      "141": {
        "start": { "line": 313, "column": 10 },
        "end": { "line": 313, "column": 72 }
      },
      "142": {
        "start": { "line": 315, "column": 8 },
        "end": { "line": 317, "column": 9 }
      },
      "143": {
        "start": { "line": 316, "column": 10 },
        "end": { "line": 316, "column": 70 }
      },
      "144": {
        "start": { "line": 318, "column": 8 },
        "end": { "line": 322, "column": 9 }
      },
      "145": {
        "start": { "line": 319, "column": 10 },
        "end": { "line": 321, "column": 13 }
      },
      "146": {
        "start": { "line": 323, "column": 32 },
        "end": { "line": 327, "column": 10 }
      },
      "147": {
        "start": { "line": 328, "column": 8 },
        "end": { "line": 328, "column": 46 }
      },
      "148": {
        "start": { "line": 330, "column": 8 },
        "end": { "line": 330, "column": 27 }
      },
      "149": {
        "start": { "line": 331, "column": 8 },
        "end": { "line": 331, "column": 48 }
      },
      "150": {
        "start": { "line": 333, "column": 11 },
        "end": { "line": 335, "column": 5 }
      },
      "151": {
        "start": { "line": 334, "column": 6 },
        "end": { "line": 334, "column": 36 }
      },
      "152": {
        "start": { "line": 339, "column": 0 },
        "end": { "line": 377, "column": 2 }
      },
      "153": {
        "start": { "line": 343, "column": 4 },
        "end": { "line": 375, "column": 5 }
      },
      "154": {
        "start": { "line": 344, "column": 6 },
        "end": { "line": 372, "column": 7 }
      },
      "155": {
        "start": { "line": 345, "column": 25 },
        "end": { "line": 345, "column": 76 }
      },
      "156": {
        "start": { "line": 346, "column": 8 },
        "end": { "line": 352, "column": 9 }
      },
      "157": {
        "start": { "line": 347, "column": 10 },
        "end": { "line": 350, "column": 12 }
      },
      "158": {
        "start": { "line": 351, "column": 10 },
        "end": { "line": 351, "column": 49 }
      },
      "159": {
        "start": { "line": 353, "column": 8 },
        "end": { "line": 359, "column": 9 }
      },
      "160": {
        "start": { "line": 354, "column": 10 },
        "end": { "line": 357, "column": 12 }
      },
      "161": {
        "start": { "line": 358, "column": 10 },
        "end": { "line": 358, "column": 49 }
      },
      "162": {
        "start": { "line": 360, "column": 8 },
        "end": { "line": 363, "column": 9 }
      },
      "163": {
        "start": { "line": 361, "column": 10 },
        "end": { "line": 361, "column": 56 }
      },
      "164": {
        "start": { "line": 362, "column": 10 },
        "end": { "line": 362, "column": 49 }
      },
      "165": {
        "start": { "line": 365, "column": 32 },
        "end": { "line": 367, "column": 9 }
      },
      "166": {
        "start": { "line": 368, "column": 8 },
        "end": { "line": 368, "column": 65 }
      },
      "167": {
        "start": { "line": 370, "column": 8 },
        "end": { "line": 370, "column": 27 }
      },
      "168": {
        "start": { "line": 371, "column": 8 },
        "end": { "line": 371, "column": 48 }
      },
      "169": {
        "start": { "line": 373, "column": 11 },
        "end": { "line": 375, "column": 5 }
      },
      "170": {
        "start": { "line": 374, "column": 6 },
        "end": { "line": 374, "column": 36 }
      },
      "171": {
        "start": { "line": 379, "column": 0 },
        "end": { "line": 457, "column": 4 }
      },
      "172": {
        "start": { "line": 383, "column": 4 },
        "end": { "line": 414, "column": 5 }
      },
      "173": {
        "start": { "line": 384, "column": 6 },
        "end": { "line": 411, "column": 7 }
      },
      "174": {
        "start": { "line": 385, "column": 25 },
        "end": { "line": 385, "column": 76 }
      },
      "175": {
        "start": { "line": 386, "column": 26 },
        "end": { "line": 386, "column": 44 }
      },
      "176": {
        "start": { "line": 387, "column": 8 },
        "end": { "line": 390, "column": 9 }
      },
      "177": {
        "start": { "line": 388, "column": 10 },
        "end": { "line": 388, "column": 56 }
      },
      "178": {
        "start": { "line": 389, "column": 10 },
        "end": { "line": 389, "column": 49 }
      },
      "179": {
        "start": { "line": 391, "column": 8 },
        "end": { "line": 393, "column": 9 }
      },
      "180": {
        "start": { "line": 392, "column": 10 },
        "end": { "line": 392, "column": 62 }
      },
      "181": {
        "start": { "line": 394, "column": 31 },
        "end": { "line": 396, "column": 9 }
      },
      "182": {
        "start": { "line": 398, "column": 28 },
        "end": { "line": 398, "column": 72 }
      },
      "183": {
        "start": { "line": 399, "column": 8 },
        "end": { "line": 399, "column": 36 }
      },
      "184": {
        "start": { "line": 400, "column": 8 },
        "end": { "line": 408, "column": 11 }
      },
      "185": {
        "start": { "line": 410, "column": 8 },
        "end": { "line": 410, "column": 27 }
      },
      "186": {
        "start": { "line": 412, "column": 11 },
        "end": { "line": 414, "column": 5 }
      },
      "187": {
        "start": { "line": 413, "column": 6 },
        "end": { "line": 413, "column": 36 }
      },
      "188": {
        "start": { "line": 422, "column": 6 },
        "end": { "line": 424, "column": 7 }
      },
      "189": {
        "start": { "line": 423, "column": 8 },
        "end": { "line": 423, "column": 38 }
      },
      "190": {
        "start": { "line": 425, "column": 23 },
        "end": { "line": 425, "column": 74 }
      },
      "191": {
        "start": { "line": 426, "column": 24 },
        "end": { "line": 426, "column": 74 }
      },
      "192": {
        "start": { "line": 427, "column": 26 },
        "end": { "line": 427, "column": 28 }
      },
      "193": {
        "start": { "line": 428, "column": 35 },
        "end": { "line": 428, "column": 37 }
      },
      "194": {
        "start": { "line": 429, "column": 6 },
        "end": { "line": 431, "column": 7 }
      },
      "195": {
        "start": { "line": 429, "column": 19 },
        "end": { "line": 429, "column": 20 }
      },
      "196": {
        "start": { "line": 430, "column": 8 },
        "end": { "line": 430, "column": 67 }
      },
      "197": {
        "start": { "line": 432, "column": 6 },
        "end": { "line": 434, "column": 7 }
      },
      "198": {
        "start": { "line": 433, "column": 8 },
        "end": { "line": 433, "column": 41 }
      },
      "199": {
        "start": { "line": 435, "column": 6 },
        "end": { "line": 435, "column": 40 }
      },
      "200": {
        "start": { "line": 436, "column": 6 },
        "end": { "line": 455, "column": 7 }
      },
      "201": {
        "start": { "line": 437, "column": 8 },
        "end": { "line": 448, "column": 9 }
      },
      "202": {
        "start": { "line": 438, "column": 10 },
        "end": { "line": 445, "column": 13 }
      },
      "203": {
        "start": { "line": 447, "column": 10 },
        "end": { "line": 447, "column": 46 }
      },
      "204": {
        "start": { "line": 450, "column": 8 },
        "end": { "line": 453, "column": 10 }
      },
      "205": {
        "start": { "line": 454, "column": 8 },
        "end": { "line": 454, "column": 68 }
      },
      "206": {
        "start": { "line": 459, "column": 0 },
        "end": { "line": 496, "column": 2 }
      },
      "207": {
        "start": { "line": 463, "column": 4 },
        "end": { "line": 494, "column": 5 }
      },
      "208": {
        "start": { "line": 464, "column": 6 },
        "end": { "line": 491, "column": 7 }
      },
      "209": {
        "start": { "line": 465, "column": 25 },
        "end": { "line": 465, "column": 76 }
      },
      "210": {
        "start": { "line": 466, "column": 8 },
        "end": { "line": 469, "column": 9 }
      },
      "211": {
        "start": { "line": 467, "column": 10 },
        "end": { "line": 467, "column": 56 }
      },
      "212": {
        "start": { "line": 468, "column": 10 },
        "end": { "line": 468, "column": 49 }
      },
      "213": {
        "start": { "line": 470, "column": 8 },
        "end": { "line": 473, "column": 9 }
      },
      "214": {
        "start": { "line": 471, "column": 10 },
        "end": { "line": 471, "column": 74 }
      },
      "215": {
        "start": { "line": 472, "column": 10 },
        "end": { "line": 472, "column": 71 }
      },
      "216": {
        "start": { "line": 474, "column": 8 },
        "end": { "line": 477, "column": 9 }
      },
      "217": {
        "start": { "line": 475, "column": 10 },
        "end": { "line": 475, "column": 72 }
      },
      "218": {
        "start": { "line": 476, "column": 10 },
        "end": { "line": 476, "column": 71 }
      },
      "219": {
        "start": { "line": 478, "column": 25 },
        "end": { "line": 480, "column": 9 }
      },
      "220": {
        "start": { "line": 481, "column": 8 },
        "end": { "line": 487, "column": 11 }
      },
      "221": {
        "start": { "line": 489, "column": 8 },
        "end": { "line": 489, "column": 27 }
      },
      "222": {
        "start": { "line": 490, "column": 8 },
        "end": { "line": 490, "column": 48 }
      },
      "223": {
        "start": { "line": 492, "column": 11 },
        "end": { "line": 494, "column": 5 }
      },
      "224": {
        "start": { "line": 493, "column": 6 },
        "end": { "line": 493, "column": 36 }
      },
      "225": {
        "start": { "line": 498, "column": 0 },
        "end": { "line": 533, "column": 2 }
      },
      "226": {
        "start": { "line": 502, "column": 4 },
        "end": { "line": 531, "column": 5 }
      },
      "227": {
        "start": { "line": 503, "column": 6 },
        "end": { "line": 528, "column": 7 }
      },
      "228": {
        "start": { "line": 504, "column": 25 },
        "end": { "line": 504, "column": 76 }
      },
      "229": {
        "start": { "line": 505, "column": 8 },
        "end": { "line": 508, "column": 9 }
      },
      "230": {
        "start": { "line": 506, "column": 10 },
        "end": { "line": 506, "column": 56 }
      },
      "231": {
        "start": { "line": 507, "column": 10 },
        "end": { "line": 507, "column": 49 }
      },
      "232": {
        "start": { "line": 509, "column": 8 },
        "end": { "line": 512, "column": 9 }
      },
      "233": {
        "start": { "line": 510, "column": 10 },
        "end": { "line": 510, "column": 74 }
      },
      "234": {
        "start": { "line": 511, "column": 10 },
        "end": { "line": 511, "column": 71 }
      },
      "235": {
        "start": { "line": 513, "column": 8 },
        "end": { "line": 516, "column": 9 }
      },
      "236": {
        "start": { "line": 514, "column": 10 },
        "end": { "line": 514, "column": 72 }
      },
      "237": {
        "start": { "line": 515, "column": 10 },
        "end": { "line": 515, "column": 71 }
      },
      "238": {
        "start": { "line": 517, "column": 23 },
        "end": { "line": 517, "column": 73 }
      },
      "239": {
        "start": { "line": 518, "column": 8 },
        "end": { "line": 524, "column": 11 }
      },
      "240": {
        "start": { "line": 526, "column": 8 },
        "end": { "line": 526, "column": 27 }
      },
      "241": {
        "start": { "line": 527, "column": 8 },
        "end": { "line": 527, "column": 48 }
      },
      "242": {
        "start": { "line": 529, "column": 11 },
        "end": { "line": 531, "column": 5 }
      },
      "243": {
        "start": { "line": 530, "column": 6 },
        "end": { "line": 530, "column": 36 }
      },
      "244": {
        "start": { "line": 535, "column": 0 },
        "end": { "line": 571, "column": 2 }
      },
      "245": {
        "start": { "line": 539, "column": 4 },
        "end": { "line": 569, "column": 5 }
      },
      "246": {
        "start": { "line": 540, "column": 6 },
        "end": { "line": 545, "column": 7 }
      },
      "247": {
        "start": { "line": 541, "column": 8 },
        "end": { "line": 541, "column": 57 }
      },
      "248": {
        "start": { "line": 542, "column": 8 },
        "end": { "line": 544, "column": 11 }
      },
      "249": {
        "start": { "line": 546, "column": 6 },
        "end": { "line": 566, "column": 7 }
      },
      "250": {
        "start": { "line": 547, "column": 25 },
        "end": { "line": 547, "column": 76 }
      },
      "251": {
        "start": { "line": 548, "column": 8 },
        "end": { "line": 551, "column": 9 }
      },
      "252": {
        "start": { "line": 549, "column": 10 },
        "end": { "line": 549, "column": 56 }
      },
      "253": {
        "start": { "line": 550, "column": 10 },
        "end": { "line": 550, "column": 49 }
      },
      "254": {
        "start": { "line": 552, "column": 8 },
        "end": { "line": 554, "column": 9 }
      },
      "255": {
        "start": { "line": 553, "column": 10 },
        "end": { "line": 553, "column": 72 }
      },
      "256": {
        "start": { "line": 555, "column": 8 },
        "end": { "line": 557, "column": 9 }
      },
      "257": {
        "start": { "line": 556, "column": 10 },
        "end": { "line": 556, "column": 70 }
      },
      "258": {
        "start": { "line": 558, "column": 30 },
        "end": { "line": 561, "column": 10 }
      },
      "259": {
        "start": { "line": 562, "column": 8 },
        "end": { "line": 562, "column": 44 }
      },
      "260": {
        "start": { "line": 564, "column": 8 },
        "end": { "line": 564, "column": 27 }
      },
      "261": {
        "start": { "line": 565, "column": 8 },
        "end": { "line": 565, "column": 48 }
      },
      "262": {
        "start": { "line": 567, "column": 11 },
        "end": { "line": 569, "column": 5 }
      },
      "263": {
        "start": { "line": 568, "column": 6 },
        "end": { "line": 568, "column": 36 }
      },
      "264": {
        "start": { "line": 573, "column": 0 },
        "end": { "line": 600, "column": 2 }
      },
      "265": {
        "start": { "line": 577, "column": 4 },
        "end": { "line": 598, "column": 5 }
      },
      "266": {
        "start": { "line": 578, "column": 6 },
        "end": { "line": 595, "column": 7 }
      },
      "267": {
        "start": { "line": 579, "column": 25 },
        "end": { "line": 579, "column": 76 }
      },
      "268": {
        "start": { "line": 580, "column": 8 },
        "end": { "line": 583, "column": 9 }
      },
      "269": {
        "start": { "line": 581, "column": 10 },
        "end": { "line": 581, "column": 56 }
      },
      "270": {
        "start": { "line": 582, "column": 10 },
        "end": { "line": 582, "column": 49 }
      },
      "271": {
        "start": { "line": 584, "column": 8 },
        "end": { "line": 586, "column": 9 }
      },
      "272": {
        "start": { "line": 585, "column": 10 },
        "end": { "line": 585, "column": 72 }
      },
      "273": {
        "start": { "line": 587, "column": 8 },
        "end": { "line": 589, "column": 9 }
      },
      "274": {
        "start": { "line": 588, "column": 10 },
        "end": { "line": 588, "column": 70 }
      },
      "275": {
        "start": { "line": 590, "column": 20 },
        "end": { "line": 590, "column": 70 }
      },
      "276": {
        "start": { "line": 591, "column": 8 },
        "end": { "line": 591, "column": 53 }
      },
      "277": {
        "start": { "line": 593, "column": 8 },
        "end": { "line": 593, "column": 27 }
      },
      "278": {
        "start": { "line": 594, "column": 8 },
        "end": { "line": 594, "column": 48 }
      },
      "279": {
        "start": { "line": 596, "column": 11 },
        "end": { "line": 598, "column": 5 }
      },
      "280": {
        "start": { "line": 597, "column": 6 },
        "end": { "line": 597, "column": 36 }
      },
      "281": {
        "start": { "line": 602, "column": 0 },
        "end": { "line": 634, "column": 2 }
      },
      "282": {
        "start": { "line": 606, "column": 4 },
        "end": { "line": 632, "column": 5 }
      },
      "283": {
        "start": { "line": 607, "column": 6 },
        "end": { "line": 629, "column": 7 }
      },
      "284": {
        "start": { "line": 608, "column": 25 },
        "end": { "line": 608, "column": 76 }
      },
      "285": {
        "start": { "line": 609, "column": 8 },
        "end": { "line": 611, "column": 9 }
      },
      "286": {
        "start": { "line": 610, "column": 10 },
        "end": { "line": 610, "column": 72 }
      },
      "287": {
        "start": { "line": 612, "column": 8 },
        "end": { "line": 614, "column": 9 }
      },
      "288": {
        "start": { "line": 613, "column": 10 },
        "end": { "line": 613, "column": 70 }
      },
      "289": {
        "start": { "line": 615, "column": 8 },
        "end": { "line": 619, "column": 9 }
      },
      "290": {
        "start": { "line": 616, "column": 10 },
        "end": { "line": 618, "column": 13 }
      },
      "291": {
        "start": { "line": 620, "column": 32 },
        "end": { "line": 624, "column": 10 }
      },
      "292": {
        "start": { "line": 625, "column": 8 },
        "end": { "line": 625, "column": 46 }
      },
      "293": {
        "start": { "line": 627, "column": 8 },
        "end": { "line": 627, "column": 27 }
      },
      "294": {
        "start": { "line": 628, "column": 8 },
        "end": { "line": 628, "column": 48 }
      },
      "295": {
        "start": { "line": 630, "column": 11 },
        "end": { "line": 632, "column": 5 }
      },
      "296": {
        "start": { "line": 631, "column": 6 },
        "end": { "line": 631, "column": 36 }
      },
      "297": {
        "start": { "line": 636, "column": 0 },
        "end": { "line": 677, "column": 2 }
      },
      "298": {
        "start": { "line": 640, "column": 4 },
        "end": { "line": 675, "column": 5 }
      },
      "299": {
        "start": { "line": 641, "column": 6 },
        "end": { "line": 672, "column": 7 }
      },
      "300": {
        "start": { "line": 642, "column": 25 },
        "end": { "line": 642, "column": 76 }
      },
      "301": {
        "start": { "line": 643, "column": 8 },
        "end": { "line": 645, "column": 9 }
      },
      "302": {
        "start": { "line": 644, "column": 10 },
        "end": { "line": 644, "column": 72 }
      },
      "303": {
        "start": { "line": 646, "column": 8 },
        "end": { "line": 648, "column": 9 }
      },
      "304": {
        "start": { "line": 647, "column": 10 },
        "end": { "line": 647, "column": 70 }
      },
      "305": {
        "start": { "line": 649, "column": 8 },
        "end": { "line": 652, "column": 9 }
      },
      "306": {
        "start": { "line": 650, "column": 10 },
        "end": { "line": 650, "column": 56 }
      },
      "307": {
        "start": { "line": 651, "column": 10 },
        "end": { "line": 651, "column": 49 }
      },
      "308": {
        "start": { "line": 653, "column": 31 },
        "end": { "line": 655, "column": 9 }
      },
      "309": {
        "start": { "line": 656, "column": 8 },
        "end": { "line": 662, "column": 9 }
      },
      "310": {
        "start": { "line": 657, "column": 10 },
        "end": { "line": 657, "column": 76 }
      },
      "311": {
        "start": { "line": 658, "column": 10 },
        "end": { "line": 661, "column": 12 }
      },
      "312": {
        "start": { "line": 663, "column": 8 },
        "end": { "line": 668, "column": 9 }
      },
      "313": {
        "start": { "line": 664, "column": 22 },
        "end": { "line": 664, "column": 79 }
      },
      "314": {
        "start": { "line": 665, "column": 10 },
        "end": { "line": 665, "column": 55 }
      },
      "315": {
        "start": { "line": 667, "column": 10 },
        "end": { "line": 667, "column": 51 }
      },
      "316": {
        "start": { "line": 670, "column": 8 },
        "end": { "line": 670, "column": 27 }
      },
      "317": {
        "start": { "line": 671, "column": 8 },
        "end": { "line": 671, "column": 48 }
      },
      "318": {
        "start": { "line": 673, "column": 11 },
        "end": { "line": 675, "column": 5 }
      },
      "319": {
        "start": { "line": 674, "column": 6 },
        "end": { "line": 674, "column": 36 }
      },
      "320": {
        "start": { "line": 679, "column": 0 },
        "end": { "line": 691, "column": 2 }
      },
      "321": {
        "start": { "line": 683, "column": 4 },
        "end": { "line": 685, "column": 5 }
      },
      "322": {
        "start": { "line": 684, "column": 6 },
        "end": { "line": 684, "column": 36 }
      },
      "323": {
        "start": { "line": 686, "column": 4 },
        "end": { "line": 689, "column": 7 }
      },
      "324": {
        "start": { "line": 693, "column": 0 },
        "end": { "line": 717, "column": 2 }
      },
      "325": {
        "start": { "line": 697, "column": 4 },
        "end": { "line": 699, "column": 5 }
      },
      "326": {
        "start": { "line": 698, "column": 6 },
        "end": { "line": 698, "column": 36 }
      },
      "327": {
        "start": { "line": 700, "column": 4 },
        "end": { "line": 715, "column": 5 }
      },
      "328": {
        "start": { "line": 701, "column": 23 },
        "end": { "line": 703, "column": 7 }
      },
      "329": {
        "start": { "line": 704, "column": 25 },
        "end": { "line": 704, "column": 78 }
      },
      "330": {
        "start": { "line": 706, "column": 6 },
        "end": { "line": 712, "column": 9 }
      },
      "331": {
        "start": { "line": 714, "column": 6 },
        "end": { "line": 714, "column": 25 }
      },
      "332": {
        "start": { "line": 719, "column": 0 },
        "end": { "line": 732, "column": 2 }
      },
      "333": {
        "start": { "line": 723, "column": 4 },
        "end": { "line": 726, "column": 5 }
      },
      "334": {
        "start": { "line": 724, "column": 6 },
        "end": { "line": 724, "column": 66 }
      },
      "335": {
        "start": { "line": 725, "column": 6 },
        "end": { "line": 725, "column": 36 }
      },
      "336": {
        "start": { "line": 727, "column": 4 },
        "end": { "line": 730, "column": 7 }
      },
      "337": {
        "start": { "line": 734, "column": 0 },
        "end": { "line": 748, "column": 2 }
      },
      "338": {
        "start": { "line": 738, "column": 4 },
        "end": { "line": 741, "column": 7 }
      },
      "339": {
        "start": { "line": 743, "column": 23 },
        "end": { "line": 743, "column": 48 }
      },
      "340": {
        "start": { "line": 744, "column": 4 },
        "end": { "line": 746, "column": 6 }
      },
      "341": {
        "start": { "line": 750, "column": 0 },
        "end": { "line": 765, "column": 2 }
      },
      "342": {
        "start": { "line": 754, "column": 4 },
        "end": { "line": 757, "column": 5 }
      },
      "343": {
        "start": { "line": 755, "column": 6 },
        "end": { "line": 755, "column": 66 }
      },
      "344": {
        "start": { "line": 756, "column": 6 },
        "end": { "line": 756, "column": 36 }
      },
      "345": {
        "start": { "line": 758, "column": 4 },
        "end": { "line": 763, "column": 7 }
      },
      "346": {
        "start": { "line": 767, "column": 0 },
        "end": { "line": 801, "column": 2 }
      },
      "347": {
        "start": { "line": 771, "column": 28 },
        "end": { "line": 771, "column": 56 }
      },
      "348": {
        "start": { "line": 772, "column": 4 },
        "end": { "line": 777, "column": 5 }
      },
      "349": {
        "start": { "line": 773, "column": 6 },
        "end": { "line": 773, "column": 55 }
      },
      "350": {
        "start": { "line": 774, "column": 6 },
        "end": { "line": 776, "column": 8 }
      },
      "351": {
        "start": { "line": 779, "column": 4 },
        "end": { "line": 799, "column": 5 }
      },
      "352": {
        "start": { "line": 780, "column": 23 },
        "end": { "line": 780, "column": 44 }
      },
      "353": {
        "start": { "line": 781, "column": 26 },
        "end": { "line": 781, "column": 50 }
      },
      "354": {
        "start": { "line": 782, "column": 25 },
        "end": { "line": 782, "column": 42 }
      },
      "355": {
        "start": { "line": 784, "column": 27 },
        "end": { "line": 788, "column": 8 }
      },
      "356": {
        "start": { "line": 790, "column": 25 },
        "end": { "line": 790, "column": 40 }
      },
      "357": {
        "start": { "line": 791, "column": 6 },
        "end": { "line": 793, "column": 8 }
      },
      "358": {
        "start": { "line": 795, "column": 6 },
        "end": { "line": 795, "column": 36 }
      },
      "359": {
        "start": { "line": 796, "column": 6 },
        "end": { "line": 798, "column": 8 }
      },
      "360": {
        "start": { "line": 803, "column": 0 },
        "end": { "line": 815, "column": 2 }
      },
      "361": {
        "start": { "line": 807, "column": 4 },
        "end": { "line": 813, "column": 5 }
      },
      "362": {
        "start": { "line": 808, "column": 6 },
        "end": { "line": 810, "column": 9 }
      },
      "363": {
        "start": { "line": 811, "column": 11 },
        "end": { "line": 813, "column": 5 }
      },
      "364": {
        "start": { "line": 812, "column": 6 },
        "end": { "line": 812, "column": 36 }
      },
      "365": {
        "start": { "line": 817, "column": 0 },
        "end": { "line": 874, "column": 2 }
      },
      "366": {
        "start": { "line": 821, "column": 4 },
        "end": { "line": 872, "column": 5 }
      },
      "367": {
        "start": { "line": 822, "column": 6 },
        "end": { "line": 825, "column": 7 }
      },
      "368": {
        "start": { "line": 823, "column": 8 },
        "end": { "line": 823, "column": 69 }
      },
      "369": {
        "start": { "line": 824, "column": 8 },
        "end": { "line": 824, "column": 57 }
      },
      "370": {
        "start": { "line": 826, "column": 6 },
        "end": { "line": 829, "column": 7 }
      },
      "371": {
        "start": { "line": 827, "column": 8 },
        "end": { "line": 827, "column": 69 }
      },
      "372": {
        "start": { "line": 828, "column": 8 },
        "end": { "line": 828, "column": 57 }
      },
      "373": {
        "start": { "line": 830, "column": 6 },
        "end": { "line": 833, "column": 7 }
      },
      "374": {
        "start": { "line": 831, "column": 8 },
        "end": { "line": 831, "column": 70 }
      },
      "375": {
        "start": { "line": 832, "column": 8 },
        "end": { "line": 832, "column": 57 }
      },
      "376": {
        "start": { "line": 834, "column": 18 },
        "end": { "line": 837, "column": 7 }
      },
      "377": {
        "start": { "line": 838, "column": 6 },
        "end": { "line": 844, "column": 7 }
      },
      "378": {
        "start": { "line": 839, "column": 8 },
        "end": { "line": 842, "column": 10 }
      },
      "379": {
        "start": { "line": 843, "column": 8 },
        "end": { "line": 843, "column": 57 }
      },
      "380": {
        "start": { "line": 845, "column": 27 },
        "end": { "line": 848, "column": 7 }
      },
      "381": {
        "start": { "line": 849, "column": 21 },
        "end": { "line": 852, "column": 7 }
      },
      "382": {
        "start": { "line": 853, "column": 6 },
        "end": { "line": 869, "column": 7 }
      },
      "383": {
        "start": { "line": 854, "column": 8 },
        "end": { "line": 865, "column": 9 }
      },
      "384": {
        "start": { "line": 855, "column": 10 },
        "end": { "line": 859, "column": 12 }
      },
      "385": {
        "start": { "line": 857, "column": 14 },
        "end": { "line": 857, "column": 47 }
      },
      "386": {
        "start": { "line": 860, "column": 10 },
        "end": { "line": 860, "column": 68 }
      },
      "387": {
        "start": { "line": 861, "column": 10 },
        "end": { "line": 861, "column": 49 }
      },
      "388": {
        "start": { "line": 863, "column": 10 },
        "end": { "line": 863, "column": 29 }
      },
      "389": {
        "start": { "line": 864, "column": 10 },
        "end": { "line": 864, "column": 50 }
      },
      "390": {
        "start": { "line": 867, "column": 8 },
        "end": { "line": 867, "column": 57 }
      },
      "391": {
        "start": { "line": 868, "column": 8 },
        "end": { "line": 868, "column": 57 }
      },
      "392": {
        "start": { "line": 870, "column": 11 },
        "end": { "line": 872, "column": 5 }
      },
      "393": {
        "start": { "line": 871, "column": 6 },
        "end": { "line": 871, "column": 36 }
      },
      "394": {
        "start": { "line": 877, "column": 0 },
        "end": { "line": 897, "column": 2 }
      },
      "395": {
        "start": { "line": 881, "column": 4 },
        "end": { "line": 884, "column": 5 }
      },
      "396": {
        "start": { "line": 882, "column": 6 },
        "end": { "line": 882, "column": 66 }
      },
      "397": {
        "start": { "line": 883, "column": 6 },
        "end": { "line": 883, "column": 36 }
      },
      "398": {
        "start": { "line": 885, "column": 24 },
        "end": { "line": 885, "column": 68 }
      },
      "399": {
        "start": { "line": 886, "column": 22 },
        "end": { "line": 886, "column": 65 }
      },
      "400": {
        "start": { "line": 887, "column": 25 },
        "end": { "line": 887, "column": 76 }
      },
      "401": {
        "start": { "line": 888, "column": 29 },
        "end": { "line": 888, "column": 54 }
      },
      "402": {
        "start": { "line": 889, "column": 4 },
        "end": { "line": 895, "column": 7 }
      },
      "403": {
        "start": { "line": 899, "column": 0 },
        "end": { "line": 932, "column": 2 }
      },
      "404": {
        "start": { "line": 903, "column": 4 },
        "end": { "line": 930, "column": 5 }
      },
      "405": {
        "start": { "line": 904, "column": 6 },
        "end": { "line": 927, "column": 7 }
      },
      "406": {
        "start": { "line": 905, "column": 25 },
        "end": { "line": 907, "column": 9 }
      },
      "407": {
        "start": { "line": 908, "column": 22 },
        "end": { "line": 908, "column": 69 }
      },
      "408": {
        "start": { "line": 910, "column": 8 },
        "end": { "line": 913, "column": 9 }
      },
      "409": {
        "start": { "line": 911, "column": 10 },
        "end": { "line": 911, "column": 56 }
      },
      "410": {
        "start": { "line": 912, "column": 10 },
        "end": { "line": 912, "column": 49 }
      },
      "411": {
        "start": { "line": 914, "column": 8 },
        "end": { "line": 917, "column": 9 }
      },
      "412": {
        "start": { "line": 915, "column": 10 },
        "end": { "line": 915, "column": 77 }
      },
      "413": {
        "start": { "line": 916, "column": 10 },
        "end": { "line": 916, "column": 79 }
      },
      "414": {
        "start": { "line": 918, "column": 8 },
        "end": { "line": 923, "column": 11 }
      },
      "415": {
        "start": { "line": 925, "column": 8 },
        "end": { "line": 925, "column": 27 }
      },
      "416": {
        "start": { "line": 926, "column": 8 },
        "end": { "line": 926, "column": 48 }
      },
      "417": {
        "start": { "line": 928, "column": 11 },
        "end": { "line": 930, "column": 5 }
      },
      "418": {
        "start": { "line": 929, "column": 6 },
        "end": { "line": 929, "column": 36 }
      },
      "419": {
        "start": { "line": 934, "column": 0 },
        "end": { "line": 989, "column": 2 }
      },
      "420": {
        "start": { "line": 938, "column": 4 },
        "end": { "line": 987, "column": 5 }
      },
      "421": {
        "start": { "line": 939, "column": 6 },
        "end": { "line": 944, "column": 7 }
      },
      "422": {
        "start": { "line": 940, "column": 8 },
        "end": { "line": 940, "column": 56 }
      },
      "423": {
        "start": { "line": 941, "column": 8 },
        "end": { "line": 943, "column": 10 }
      },
      "424": {
        "start": { "line": 945, "column": 6 },
        "end": { "line": 950, "column": 7 }
      },
      "425": {
        "start": { "line": 946, "column": 8 },
        "end": { "line": 946, "column": 56 }
      },
      "426": {
        "start": { "line": 947, "column": 8 },
        "end": { "line": 949, "column": 10 }
      },
      "427": {
        "start": { "line": 951, "column": 6 },
        "end": { "line": 956, "column": 7 }
      },
      "428": {
        "start": { "line": 952, "column": 8 },
        "end": { "line": 952, "column": 70 }
      },
      "429": {
        "start": { "line": 953, "column": 8 },
        "end": { "line": 955, "column": 10 }
      },
      "430": {
        "start": { "line": 958, "column": 6 },
        "end": { "line": 984, "column": 7 }
      },
      "431": {
        "start": { "line": 959, "column": 25 },
        "end": { "line": 961, "column": 9 }
      },
      "432": {
        "start": { "line": 962, "column": 8 },
        "end": { "line": 965, "column": 9 }
      },
      "433": {
        "start": { "line": 963, "column": 10 },
        "end": { "line": 963, "column": 56 }
      },
      "434": {
        "start": { "line": 964, "column": 10 },
        "end": { "line": 964, "column": 49 }
      },
      "435": {
        "start": { "line": 966, "column": 8 },
        "end": { "line": 969, "column": 9 }
      },
      "436": {
        "start": { "line": 967, "column": 10 },
        "end": { "line": 967, "column": 77 }
      },
      "437": {
        "start": { "line": 968, "column": 10 },
        "end": { "line": 968, "column": 79 }
      },
      "438": {
        "start": { "line": 970, "column": 20 },
        "end": { "line": 974, "column": 10 }
      },
      "439": {
        "start": { "line": 975, "column": 8 },
        "end": { "line": 980, "column": 9 }
      },
      "440": {
        "start": { "line": 976, "column": 10 },
        "end": { "line": 976, "column": 73 }
      },
      "441": {
        "start": { "line": 977, "column": 10 },
        "end": { "line": 979, "column": 12 }
      },
      "442": {
        "start": { "line": 982, "column": 8 },
        "end": { "line": 982, "column": 27 }
      },
      "443": {
        "start": { "line": 983, "column": 8 },
        "end": { "line": 983, "column": 48 }
      },
      "444": {
        "start": { "line": 985, "column": 11 },
        "end": { "line": 987, "column": 5 }
      },
      "445": {
        "start": { "line": 986, "column": 6 },
        "end": { "line": 986, "column": 36 }
      },
      "446": {
        "start": { "line": 991, "column": 0 },
        "end": { "line": 1035, "column": 2 }
      },
      "447": {
        "start": { "line": 995, "column": 4 },
        "end": { "line": 1033, "column": 5 }
      },
      "448": {
        "start": { "line": 996, "column": 6 },
        "end": { "line": 1030, "column": 7 }
      },
      "449": {
        "start": { "line": 997, "column": 25 },
        "end": { "line": 999, "column": 9 }
      },
      "450": {
        "start": { "line": 1000, "column": 8 },
        "end": { "line": 1004, "column": 9 }
      },
      "451": {
        "start": { "line": 1001, "column": 10 },
        "end": { "line": 1003, "column": 13 }
      },
      "452": {
        "start": { "line": 1005, "column": 8 },
        "end": { "line": 1007, "column": 9 }
      },
      "453": {
        "start": { "line": 1006, "column": 10 },
        "end": { "line": 1006, "column": 72 }
      },
      "454": {
        "start": { "line": 1008, "column": 28 },
        "end": { "line": 1010, "column": 9 }
      },
      "455": {
        "start": { "line": 1011, "column": 8 },
        "end": { "line": 1026, "column": 9 }
      },
      "456": {
        "start": { "line": 1012, "column": 24 },
        "end": { "line": 1012, "column": 71 }
      },
      "457": {
        "start": { "line": 1013, "column": 10 },
        "end": { "line": 1017, "column": 11 }
      },
      "458": {
        "start": { "line": 1014, "column": 12 },
        "end": { "line": 1016, "column": 14 }
      },
      "459": {
        "start": { "line": 1018, "column": 10 },
        "end": { "line": 1023, "column": 11 }
      },
      "460": {
        "start": { "line": 1019, "column": 12 },
        "end": { "line": 1019, "column": 67 }
      },
      "461": {
        "start": { "line": 1020, "column": 12 },
        "end": { "line": 1022, "column": 14 }
      },
      "462": {
        "start": { "line": 1024, "column": 22 },
        "end": { "line": 1024, "column": 69 }
      },
      "463": {
        "start": { "line": 1025, "column": 10 },
        "end": { "line": 1025, "column": 55 }
      },
      "464": {
        "start": { "line": 1028, "column": 8 },
        "end": { "line": 1028, "column": 27 }
      },
      "465": {
        "start": { "line": 1029, "column": 8 },
        "end": { "line": 1029, "column": 48 }
      },
      "466": {
        "start": { "line": 1031, "column": 11 },
        "end": { "line": 1033, "column": 5 }
      },
      "467": {
        "start": { "line": 1032, "column": 6 },
        "end": { "line": 1032, "column": 36 }
      },
      "468": {
        "start": { "line": 1037, "column": 0 },
        "end": { "line": 1104, "column": 2 }
      },
      "469": {
        "start": { "line": 1041, "column": 4 },
        "end": { "line": 1102, "column": 5 }
      },
      "470": {
        "start": { "line": 1042, "column": 6 },
        "end": { "line": 1099, "column": 7 }
      },
      "471": {
        "start": { "line": 1043, "column": 25 },
        "end": { "line": 1043, "column": 76 }
      },
      "472": {
        "start": { "line": 1044, "column": 8 },
        "end": { "line": 1047, "column": 9 }
      },
      "473": {
        "start": { "line": 1045, "column": 10 },
        "end": { "line": 1045, "column": 56 }
      },
      "474": {
        "start": { "line": 1046, "column": 10 },
        "end": { "line": 1046, "column": 49 }
      },
      "475": {
        "start": { "line": 1048, "column": 28 },
        "end": { "line": 1048, "column": 72 }
      },
      "476": {
        "start": { "line": 1049, "column": 26 },
        "end": { "line": 1049, "column": 76 }
      },
      "477": {
        "start": { "line": 1050, "column": 22 },
        "end": { "line": 1050, "column": 24 }
      },
      "478": {
        "start": { "line": 1051, "column": 8 },
        "end": { "line": 1069, "column": 9 }
      },
      "479": {
        "start": { "line": 1052, "column": 35 },
        "end": { "line": 1054, "column": 11 }
      },
      "480": {
        "start": { "line": 1055, "column": 10 },
        "end": { "line": 1067, "column": 11 }
      },
      "481": {
        "start": { "line": 1056, "column": 12 },
        "end": { "line": 1059, "column": 14 }
      },
      "482": {
        "start": { "line": 1060, "column": 12 },
        "end": { "line": 1063, "column": 14 }
      },
      "483": {
        "start": { "line": 1064, "column": 12 },
        "end": { "line": 1066, "column": 14 }
      },
      "484": {
        "start": { "line": 1068, "column": 10 },
        "end": { "line": 1068, "column": 41 }
      },
      "485": {
        "start": { "line": 1071, "column": 8 },
        "end": { "line": 1079, "column": 9 }
      },
      "486": {
        "start": { "line": 1072, "column": 10 },
        "end": { "line": 1075, "column": 12 }
      },
      "487": {
        "start": { "line": 1076, "column": 10 },
        "end": { "line": 1078, "column": 12 }
      },
      "488": {
        "start": { "line": 1081, "column": 8 },
        "end": { "line": 1087, "column": 9 }
      },
      "489": {
        "start": { "line": 1082, "column": 10 },
        "end": { "line": 1085, "column": 12 }
      },
      "490": {
        "start": { "line": 1086, "column": 10 },
        "end": { "line": 1086, "column": 77 }
      },
      "491": {
        "start": { "line": 1089, "column": 8 },
        "end": { "line": 1095, "column": 11 }
      },
      "492": {
        "start": { "line": 1097, "column": 8 },
        "end": { "line": 1097, "column": 27 }
      },
      "493": {
        "start": { "line": 1098, "column": 8 },
        "end": { "line": 1098, "column": 48 }
      },
      "494": {
        "start": { "line": 1100, "column": 11 },
        "end": { "line": 1102, "column": 5 }
      },
      "495": {
        "start": { "line": 1101, "column": 6 },
        "end": { "line": 1101, "column": 36 }
      },
      "496": {
        "start": { "line": 1106, "column": 0 },
        "end": { "line": 1128, "column": 2 }
      },
      "497": {
        "start": { "line": 1110, "column": 4 },
        "end": { "line": 1126, "column": 5 }
      },
      "498": {
        "start": { "line": 1111, "column": 6 },
        "end": { "line": 1123, "column": 7 }
      },
      "499": {
        "start": { "line": 1112, "column": 25 },
        "end": { "line": 1112, "column": 76 }
      },
      "500": {
        "start": { "line": 1113, "column": 8 },
        "end": { "line": 1117, "column": 9 }
      },
      "501": {
        "start": { "line": 1114, "column": 10 },
        "end": { "line": 1116, "column": 13 }
      },
      "502": {
        "start": { "line": 1118, "column": 30 },
        "end": { "line": 1118, "column": 77 }
      },
      "503": {
        "start": { "line": 1119, "column": 8 },
        "end": { "line": 1119, "column": 44 }
      },
      "504": {
        "start": { "line": 1121, "column": 8 },
        "end": { "line": 1121, "column": 27 }
      },
      "505": {
        "start": { "line": 1122, "column": 8 },
        "end": { "line": 1122, "column": 48 }
      },
      "506": {
        "start": { "line": 1124, "column": 11 },
        "end": { "line": 1126, "column": 5 }
      },
      "507": {
        "start": { "line": 1125, "column": 6 },
        "end": { "line": 1125, "column": 36 }
      },
      "508": {
        "start": { "line": 1130, "column": 0 },
        "end": { "line": 1159, "column": 2 }
      },
      "509": {
        "start": { "line": 1134, "column": 4 },
        "end": { "line": 1157, "column": 5 }
      },
      "510": {
        "start": { "line": 1135, "column": 6 },
        "end": { "line": 1154, "column": 7 }
      },
      "511": {
        "start": { "line": 1136, "column": 25 },
        "end": { "line": 1138, "column": 9 }
      },
      "512": {
        "start": { "line": 1139, "column": 8 },
        "end": { "line": 1143, "column": 9 }
      },
      "513": {
        "start": { "line": 1140, "column": 10 },
        "end": { "line": 1142, "column": 13 }
      },
      "514": {
        "start": { "line": 1144, "column": 8 },
        "end": { "line": 1146, "column": 9 }
      },
      "515": {
        "start": { "line": 1145, "column": 10 },
        "end": { "line": 1145, "column": 79 }
      },
      "516": {
        "start": { "line": 1147, "column": 29 },
        "end": { "line": 1149, "column": 9 }
      },
      "517": {
        "start": { "line": 1150, "column": 8 },
        "end": { "line": 1150, "column": 43 }
      },
      "518": {
        "start": { "line": 1152, "column": 8 },
        "end": { "line": 1152, "column": 27 }
      },
      "519": {
        "start": { "line": 1153, "column": 8 },
        "end": { "line": 1153, "column": 48 }
      },
      "520": {
        "start": { "line": 1155, "column": 11 },
        "end": { "line": 1157, "column": 5 }
      },
      "521": {
        "start": { "line": 1156, "column": 6 },
        "end": { "line": 1156, "column": 36 }
      },
      "522": {
        "start": { "line": 1161, "column": 0 },
        "end": { "line": 1174, "column": 2 }
      },
      "523": {
        "start": { "line": 1165, "column": 4 },
        "end": { "line": 1168, "column": 5 }
      },
      "524": {
        "start": { "line": 1166, "column": 6 },
        "end": { "line": 1166, "column": 66 }
      },
      "525": {
        "start": { "line": 1167, "column": 6 },
        "end": { "line": 1167, "column": 36 }
      },
      "526": {
        "start": { "line": 1169, "column": 4 },
        "end": { "line": 1172, "column": 7 }
      },
      "527": {
        "start": { "line": 1176, "column": 0 },
        "end": { "line": 1209, "column": 2 }
      },
      "528": {
        "start": { "line": 1180, "column": 24 },
        "end": { "line": 1180, "column": 55 }
      },
      "529": {
        "start": { "line": 1181, "column": 26 },
        "end": { "line": 1181, "column": 52 }
      },
      "530": {
        "start": { "line": 1182, "column": 4 },
        "end": { "line": 1185, "column": 5 }
      },
      "531": {
        "start": { "line": 1183, "column": 6 },
        "end": { "line": 1183, "column": 66 }
      },
      "532": {
        "start": { "line": 1184, "column": 6 },
        "end": { "line": 1184, "column": 77 }
      },
      "533": {
        "start": { "line": 1186, "column": 4 },
        "end": { "line": 1189, "column": 5 }
      },
      "534": {
        "start": { "line": 1187, "column": 6 },
        "end": { "line": 1187, "column": 61 }
      },
      "535": {
        "start": { "line": 1188, "column": 6 },
        "end": { "line": 1188, "column": 77 }
      },
      "536": {
        "start": { "line": 1190, "column": 4 },
        "end": { "line": 1207, "column": 5 }
      },
      "537": {
        "start": { "line": 1191, "column": 24 },
        "end": { "line": 1194, "column": 7 }
      },
      "538": {
        "start": { "line": 1195, "column": 6 },
        "end": { "line": 1195, "column": 29 }
      },
      "539": {
        "start": { "line": 1196, "column": 20 },
        "end": { "line": 1200, "column": 8 }
      },
      "540": {
        "start": { "line": 1201, "column": 6 },
        "end": { "line": 1201, "column": 66 }
      },
      "541": {
        "start": { "line": 1203, "column": 6 },
        "end": { "line": 1203, "column": 71 }
      },
      "542": {
        "start": { "line": 1204, "column": 6 },
        "end": { "line": 1204, "column": 69 }
      },
      "543": {
        "start": { "line": 1206, "column": 6 },
        "end": { "line": 1206, "column": 70 }
      },
      "544": {
        "start": { "line": 1211, "column": 0 },
        "end": { "line": 1257, "column": 3 }
      },
      "545": {
        "start": { "line": 1212, "column": 19 },
        "end": { "line": 1212, "column": 79 }
      },
      "546": {
        "start": { "line": 1213, "column": 2 },
        "end": { "line": 1215, "column": 3 }
      },
      "547": {
        "start": { "line": 1214, "column": 4 },
        "end": { "line": 1214, "column": 71 }
      },
      "548": {
        "start": { "line": 1216, "column": 2 },
        "end": { "line": 1219, "column": 3 }
      },
      "549": {
        "start": { "line": 1217, "column": 4 },
        "end": { "line": 1217, "column": 65 }
      },
      "550": {
        "start": { "line": 1218, "column": 4 },
        "end": { "line": 1218, "column": 74 }
      },
      "551": {
        "start": { "line": 1220, "column": 2 },
        "end": { "line": 1223, "column": 3 }
      },
      "552": {
        "start": { "line": 1221, "column": 4 },
        "end": { "line": 1221, "column": 58 }
      },
      "553": {
        "start": { "line": 1222, "column": 4 },
        "end": { "line": 1222, "column": 71 }
      },
      "554": {
        "start": { "line": 1224, "column": 2 },
        "end": { "line": 1256, "column": 3 }
      },
      "555": {
        "start": { "line": 1225, "column": 21 },
        "end": { "line": 1227, "column": 5 }
      },
      "556": {
        "start": { "line": 1228, "column": 4 },
        "end": { "line": 1230, "column": 5 }
      },
      "557": {
        "start": { "line": 1229, "column": 6 },
        "end": { "line": 1229, "column": 72 }
      },
      "558": {
        "start": { "line": 1231, "column": 4 },
        "end": { "line": 1252, "column": 5 }
      },
      "559": {
        "start": { "line": 1232, "column": 6 },
        "end": { "line": 1247, "column": 7 }
      },
      "560": {
        "start": { "line": 1233, "column": 26 },
        "end": { "line": 1233, "column": 70 }
      },
      "561": {
        "start": { "line": 1234, "column": 22 },
        "end": { "line": 1234, "column": 24 }
      },
      "562": {
        "start": { "line": 1235, "column": 8 },
        "end": { "line": 1237, "column": 9 }
      },
      "563": {
        "start": { "line": 1236, "column": 10 },
        "end": { "line": 1236, "column": 75 }
      },
      "564": {
        "start": { "line": 1238, "column": 8 },
        "end": { "line": 1246, "column": 11 }
      },
      "565": {
        "start": { "line": 1248, "column": 11 },
        "end": { "line": 1252, "column": 5 }
      },
      "566": {
        "start": { "line": 1249, "column": 6 },
        "end": { "line": 1249, "column": 57 }
      },
      "567": {
        "start": { "line": 1250, "column": 6 },
        "end": { "line": 1250, "column": 78 }
      },
      "568": {
        "start": { "line": 1251, "column": 6 },
        "end": { "line": 1251, "column": 60 }
      },
      "569": {
        "start": { "line": 1254, "column": 4 },
        "end": { "line": 1254, "column": 23 }
      },
      "570": {
        "start": { "line": 1255, "column": 4 },
        "end": { "line": 1255, "column": 44 }
      },
      "571": {
        "start": { "line": 1259, "column": 0 },
        "end": { "line": 1291, "column": 3 }
      },
      "572": {
        "start": { "line": 1260, "column": 2 },
        "end": { "line": 1263, "column": 3 }
      },
      "573": {
        "start": { "line": 1261, "column": 4 },
        "end": { "line": 1261, "column": 65 }
      },
      "574": {
        "start": { "line": 1262, "column": 4 },
        "end": { "line": 1262, "column": 74 }
      },
      "575": {
        "start": { "line": 1264, "column": 2 },
        "end": { "line": 1267, "column": 3 }
      },
      "576": {
        "start": { "line": 1265, "column": 4 },
        "end": { "line": 1265, "column": 58 }
      },
      "577": {
        "start": { "line": 1266, "column": 4 },
        "end": { "line": 1266, "column": 71 }
      },
      "578": {
        "start": { "line": 1268, "column": 2 },
        "end": { "line": 1290, "column": 3 }
      },
      "579": {
        "start": { "line": 1269, "column": 19 },
        "end": { "line": 1269, "column": 79 }
      },
      "580": {
        "start": { "line": 1270, "column": 4 },
        "end": { "line": 1273, "column": 5 }
      },
      "581": {
        "start": { "line": 1271, "column": 6 },
        "end": { "line": 1271, "column": 80 }
      },
      "582": {
        "start": { "line": 1272, "column": 6 },
        "end": { "line": 1272, "column": 74 }
      },
      "583": {
        "start": { "line": 1274, "column": 20 },
        "end": { "line": 1274, "column": 64 }
      },
      "584": {
        "start": { "line": 1275, "column": 4 },
        "end": { "line": 1284, "column": 5 }
      },
      "585": {
        "start": { "line": 1276, "column": 16 },
        "end": { "line": 1276, "column": 34 }
      },
      "586": {
        "start": { "line": 1277, "column": 25 },
        "end": { "line": 1277, "column": 42 }
      },
      "587": {
        "start": { "line": 1278, "column": 6 },
        "end": { "line": 1283, "column": 9 }
      },
      "588": {
        "start": { "line": 1285, "column": 4 },
        "end": { "line": 1285, "column": 41 }
      },
      "589": {
        "start": { "line": 1286, "column": 4 },
        "end": { "line": 1286, "column": 71 }
      },
      "590": {
        "start": { "line": 1288, "column": 4 },
        "end": { "line": 1288, "column": 23 }
      },
      "591": {
        "start": { "line": 1289, "column": 4 },
        "end": { "line": 1289, "column": 44 }
      },
      "592": {
        "start": { "line": 1293, "column": 0 },
        "end": { "line": 1317, "column": 3 }
      },
      "593": {
        "start": { "line": 1294, "column": 2 },
        "end": { "line": 1316, "column": 3 }
      },
      "594": {
        "start": { "line": 1295, "column": 4 },
        "end": { "line": 1297, "column": 5 }
      },
      "595": {
        "start": { "line": 1296, "column": 6 },
        "end": { "line": 1296, "column": 65 }
      },
      "596": {
        "start": { "line": 1299, "column": 21 },
        "end": { "line": 1301, "column": 5 }
      },
      "597": {
        "start": { "line": 1302, "column": 4 },
        "end": { "line": 1312, "column": 5 }
      },
      "598": {
        "start": { "line": 1303, "column": 6 },
        "end": { "line": 1308, "column": 9 }
      },
      "599": {
        "start": { "line": 1310, "column": 6 },
        "end": { "line": 1310, "column": 42 }
      },
      "600": {
        "start": { "line": 1311, "column": 6 },
        "end": { "line": 1311, "column": 73 }
      },
      "601": {
        "start": { "line": 1314, "column": 4 },
        "end": { "line": 1314, "column": 23 }
      },
      "602": {
        "start": { "line": 1315, "column": 4 },
        "end": { "line": 1315, "column": 44 }
      },
      "603": {
        "start": { "line": 1319, "column": 0 },
        "end": { "line": 1328, "column": 2 }
      },
      "604": {
        "start": { "line": 1326, "column": 4 },
        "end": { "line": 1326, "column": 63 }
      },
      "605": {
        "start": { "line": 1330, "column": 0 },
        "end": { "line": 1399, "column": 3 }
      },
      "606": {
        "start": { "line": 1331, "column": 2 },
        "end": { "line": 1398, "column": 3 }
      },
      "607": {
        "start": { "line": 1332, "column": 21 },
        "end": { "line": 1334, "column": 5 }
      },
      "608": {
        "start": { "line": 1335, "column": 4 },
        "end": { "line": 1341, "column": 5 }
      },
      "609": {
        "start": { "line": 1336, "column": 6 },
        "end": { "line": 1339, "column": 8 }
      },
      "610": {
        "start": { "line": 1340, "column": 6 },
        "end": { "line": 1340, "column": 76 }
      },
      "611": {
        "start": { "line": 1342, "column": 4 },
        "end": { "line": 1344, "column": 5 }
      },
      "612": {
        "start": { "line": 1343, "column": 6 },
        "end": { "line": 1343, "column": 80 }
      },
      "613": {
        "start": { "line": 1345, "column": 4 },
        "end": { "line": 1347, "column": 5 }
      },
      "614": {
        "start": { "line": 1346, "column": 6 },
        "end": { "line": 1346, "column": 50 }
      },
      "615": {
        "start": { "line": 1348, "column": 4 },
        "end": { "line": 1350, "column": 5 }
      },
      "616": {
        "start": { "line": 1349, "column": 6 },
        "end": { "line": 1349, "column": 44 }
      },
      "617": {
        "start": { "line": 1351, "column": 18 },
        "end": { "line": 1351, "column": 36 }
      },
      "618": {
        "start": { "line": 1353, "column": 22 },
        "end": { "line": 1353, "column": 66 }
      },
      "619": {
        "start": { "line": 1354, "column": 20 },
        "end": { "line": 1354, "column": 73 }
      },
      "620": {
        "start": { "line": 1355, "column": 18 },
        "end": { "line": 1355, "column": 20 }
      },
      "621": {
        "start": { "line": 1356, "column": 23 },
        "end": { "line": 1356, "column": 25 }
      },
      "622": {
        "start": { "line": 1357, "column": 23 },
        "end": { "line": 1357, "column": 25 }
      },
      "623": {
        "start": { "line": 1358, "column": 18 },
        "end": { "line": 1358, "column": 20 }
      },
      "624": {
        "start": { "line": 1359, "column": 4 },
        "end": { "line": 1378, "column": 5 }
      },
      "625": {
        "start": { "line": 1360, "column": 17 },
        "end": { "line": 1360, "column": 67 }
      },
      "626": {
        "start": { "line": 1361, "column": 6 },
        "end": { "line": 1361, "column": 25 }
      },
      "627": {
        "start": { "line": 1362, "column": 23 },
        "end": { "line": 1362, "column": 25 }
      },
      "628": {
        "start": { "line": 1363, "column": 24 },
        "end": { "line": 1363, "column": 26 }
      },
      "629": {
        "start": { "line": 1364, "column": 6 },
        "end": { "line": 1373, "column": 7 }
      },
      "630": {
        "start": { "line": 1365, "column": 8 },
        "end": { "line": 1365, "column": 43 }
      },
      "631": {
        "start": { "line": 1366, "column": 8 },
        "end": { "line": 1372, "column": 10 }
      },
      "632": {
        "start": { "line": 1374, "column": 6 },
        "end": { "line": 1374, "column": 53 }
      },
      "633": {
        "start": { "line": 1375, "column": 6 },
        "end": { "line": 1375, "column": 37 }
      },
      "634": {
        "start": { "line": 1376, "column": 6 },
        "end": { "line": 1376, "column": 36 }
      },
      "635": {
        "start": { "line": 1377, "column": 6 },
        "end": { "line": 1377, "column": 27 }
      },
      "636": {
        "start": { "line": 1379, "column": 19 },
        "end": { "line": 1379, "column": 56 }
      },
      "637": {
        "start": { "line": 1380, "column": 22 },
        "end": { "line": 1380, "column": 62 }
      },
      "638": {
        "start": { "line": 1381, "column": 24 },
        "end": { "line": 1381, "column": 42 }
      },
      "639": {
        "start": { "line": 1382, "column": 4 },
        "end": { "line": 1394, "column": 7 }
      },
      "640": {
        "start": { "line": 1396, "column": 4 },
        "end": { "line": 1396, "column": 23 }
      },
      "641": {
        "start": { "line": 1397, "column": 4 },
        "end": { "line": 1397, "column": 44 }
      },
      "642": {
        "start": { "line": 1401, "column": 0 },
        "end": { "line": 1453, "column": 3 }
      },
      "643": {
        "start": { "line": 1402, "column": 2 },
        "end": { "line": 1452, "column": 3 }
      },
      "644": {
        "start": { "line": 1403, "column": 21 },
        "end": { "line": 1405, "column": 5 }
      },
      "645": {
        "start": { "line": 1407, "column": 22 },
        "end": { "line": 1407, "column": 66 }
      },
      "646": {
        "start": { "line": 1408, "column": 20 },
        "end": { "line": 1408, "column": 73 }
      },
      "647": {
        "start": { "line": 1409, "column": 18 },
        "end": { "line": 1409, "column": 20 }
      },
      "648": {
        "start": { "line": 1410, "column": 23 },
        "end": { "line": 1410, "column": 25 }
      },
      "649": {
        "start": { "line": 1411, "column": 23 },
        "end": { "line": 1411, "column": 25 }
      },
      "650": {
        "start": { "line": 1412, "column": 18 },
        "end": { "line": 1412, "column": 20 }
      },
      "651": {
        "start": { "line": 1413, "column": 4 },
        "end": { "line": 1432, "column": 5 }
      },
      "652": {
        "start": { "line": 1414, "column": 17 },
        "end": { "line": 1414, "column": 67 }
      },
      "653": {
        "start": { "line": 1415, "column": 6 },
        "end": { "line": 1415, "column": 25 }
      },
      "654": {
        "start": { "line": 1416, "column": 23 },
        "end": { "line": 1416, "column": 25 }
      },
      "655": {
        "start": { "line": 1417, "column": 24 },
        "end": { "line": 1417, "column": 26 }
      },
      "656": {
        "start": { "line": 1418, "column": 6 },
        "end": { "line": 1427, "column": 7 }
      },
      "657": {
        "start": { "line": 1419, "column": 8 },
        "end": { "line": 1419, "column": 43 }
      },
      "658": {
        "start": { "line": 1420, "column": 8 },
        "end": { "line": 1426, "column": 10 }
      },
      "659": {
        "start": { "line": 1428, "column": 6 },
        "end": { "line": 1428, "column": 53 }
      },
      "660": {
        "start": { "line": 1429, "column": 6 },
        "end": { "line": 1429, "column": 37 }
      },
      "661": {
        "start": { "line": 1430, "column": 6 },
        "end": { "line": 1430, "column": 36 }
      },
      "662": {
        "start": { "line": 1431, "column": 6 },
        "end": { "line": 1431, "column": 27 }
      },
      "663": {
        "start": { "line": 1433, "column": 19 },
        "end": { "line": 1433, "column": 56 }
      },
      "664": {
        "start": { "line": 1434, "column": 22 },
        "end": { "line": 1434, "column": 62 }
      },
      "665": {
        "start": { "line": 1435, "column": 24 },
        "end": { "line": 1435, "column": 42 }
      },
      "666": {
        "start": { "line": 1436, "column": 4 },
        "end": { "line": 1448, "column": 7 }
      },
      "667": {
        "start": { "line": 1450, "column": 4 },
        "end": { "line": 1450, "column": 23 }
      },
      "668": {
        "start": { "line": 1451, "column": 4 },
        "end": { "line": 1451, "column": 44 }
      },
      "669": {
        "start": { "line": 1454, "column": 0 },
        "end": { "line": 1508, "column": 3 }
      },
      "670": {
        "start": { "line": 1455, "column": 2 },
        "end": { "line": 1507, "column": 3 }
      },
      "671": {
        "start": { "line": 1456, "column": 25 },
        "end": { "line": 1456, "column": 76 }
      },
      "672": {
        "start": { "line": 1457, "column": 21 },
        "end": { "line": 1457, "column": 79 }
      },
      "673": {
        "start": { "line": 1458, "column": 4 },
        "end": { "line": 1460, "column": 5 }
      },
      "674": {
        "start": { "line": 1459, "column": 6 },
        "end": { "line": 1459, "column": 50 }
      },
      "675": {
        "start": { "line": 1461, "column": 4 },
        "end": { "line": 1503, "column": 5 }
      },
      "676": {
        "start": { "line": 1462, "column": 24 },
        "end": { "line": 1462, "column": 68 }
      },
      "677": {
        "start": { "line": 1463, "column": 22 },
        "end": { "line": 1463, "column": 75 }
      },
      "678": {
        "start": { "line": 1464, "column": 20 },
        "end": { "line": 1464, "column": 22 }
      },
      "679": {
        "start": { "line": 1465, "column": 25 },
        "end": { "line": 1465, "column": 27 }
      },
      "680": {
        "start": { "line": 1466, "column": 25 },
        "end": { "line": 1466, "column": 27 }
      },
      "681": {
        "start": { "line": 1467, "column": 20 },
        "end": { "line": 1467, "column": 22 }
      },
      "682": {
        "start": { "line": 1468, "column": 6 },
        "end": { "line": 1487, "column": 7 }
      },
      "683": {
        "start": { "line": 1469, "column": 19 },
        "end": { "line": 1469, "column": 69 }
      },
      "684": {
        "start": { "line": 1470, "column": 8 },
        "end": { "line": 1470, "column": 27 }
      },
      "685": {
        "start": { "line": 1471, "column": 25 },
        "end": { "line": 1471, "column": 27 }
      },
      "686": {
[...]
      },
      "12": {
        "start": { "line": 26, "column": 4 },
        "end": { "line": 28, "column": 6 }
      },
      "13": {
        "start": { "line": 31, "column": 18 },
        "end": { "line": 34, "column": 5 }
      },
      "14": {
        "start": { "line": 35, "column": 4 },
        "end": { "line": 35, "column": 27 }
      },
      "15": {
        "start": { "line": 38, "column": 0 },
        "end": { "line": 42, "column": 3 }
      },
      "16": {
        "start": { "line": 39, "column": 2 },
        "end": { "line": 41, "column": 3 }
      },
      "17": {
        "start": { "line": 40, "column": 4 },
        "end": { "line": 40, "column": 32 }
      },
      "18": {
        "start": { "line": 44, "column": 0 },
        "end": { "line": 44, "column": 25 }
      },
      "19": {
        "start": { "line": 45, "column": 0 },
        "end": { "line": 45, "column": 25 }
      },
      "20": {
        "start": { "line": 47, "column": 0 },
        "end": { "line": 47, "column": 20 }
      }
    },
    "fnMap": {
      "0": {
        "name": "(anonymous_0)",
        "decl": {
          "start": { "line": 25, "column": 10 },
          "end": { "line": 25, "column": 11 }
        },
        "loc": {
          "start": { "line": 25, "column": 20 },
          "end": { "line": 29, "column": 3 }
        },
        "line": 25
      },
      "1": {
        "name": "(anonymous_1)",
        "decl": {
          "start": { "line": 30, "column": 11 },
          "end": { "line": 30, "column": 12 }
        },
        "loc": {
          "start": { "line": 30, "column": 21 },
          "end": { "line": 36, "column": 3 }
        },
        "line": 30
      },
      "2": {
        "name": "(anonymous_2)",
        "decl": {
          "start": { "line": 38, "column": 24 },
          "end": { "line": 38, "column": 25 }
        },
        "loc": {
          "start": { "line": 38, "column": 39 },
          "end": { "line": 42, "column": 1 }
        },
        "line": 38
      }
    },
    "branchMap": {
      "0": {
        "loc": {
          "start": { "line": 8, "column": 12 },
          "end": { "line": 8, "column": 49 }
        },
        "type": "binary-expr",
        "locations": [
          {
            "start": { "line": 8, "column": 12 },
            "end": { "line": 8, "column": 32 }
          },
          {
            "start": { "line": 8, "column": 36 },
            "end": { "line": 8, "column": 49 }
          }
        ],
        "line": 8
      },
      "1": {
        "loc": {
          "start": { "line": 13, "column": 0 },
          "end": { "line": 22, "column": 1 }
        },
        "type": "if",
        "locations": [
          {
            "start": { "line": 13, "column": 0 },
            "end": { "line": 22, "column": 1 }
          },
          {
            "start": { "line": 15, "column": 7 },
            "end": { "line": 22, "column": 1 }
          }
        ],
        "line": 13
      },
      "2": {
        "loc": {
          "start": { "line": 27, "column": 6 },
          "end": { "line": 27, "column": 78 }
        },
        "type": "binary-expr",
        "locations": [
          {
            "start": { "line": 27, "column": 6 },
            "end": { "line": 27, "column": 29 }
          },
          {
            "start": { "line": 27, "column": 33 },
            "end": { "line": 27, "column": 50 }
          },
          {
            "start": { "line": 27, "column": 54 },
            "end": { "line": 27, "column": 78 }
          }
        ],
        "line": 27
      },
      "3": {
        "loc": {
          "start": { "line": 39, "column": 2 },
          "end": { "line": 41, "column": 3 }
        },
        "type": "if",
        "locations": [
          {
            "start": { "line": 39, "column": 2 },
            "end": { "line": 41, "column": 3 }
          },
          { "start": {}, "end": {} }
        ],
        "line": 39
      }
    },
    "s": {
      "0": 1,
      "1": 1,
      "2": 1,
      "3": 1,
      "4": 1,
      "5": 1,
      "6": 1,
      "7": 1,
      "8": 1,
      "9": 0,
      "10": 1,
      "11": 1,
      "12": 7,
      "13": 6,
      "14": 6,
      "15": 1,
      "16": 6,
      "17": 6,
      "18": 1,
      "19": 1,
      "20": 1
    },
    "f": { "0": 7, "1": 6, "2": 6 },
    "b": { "0": [1, 0], "1": [0, 1], "2": [7, 7, 6], "3": [6, 0] },
    "_coverageSchema": "1a1c01bbd47fc00a2c39e90264f33305004495a9",
    "hash": "4e6f6805198f2813f6f7e33492758c8257a9e69d"
  },
  "/home/nithish/new/VoteOnline/models/option.js": {
    "path": "/home/nithish/new/VoteOnline/models/option.js",
    "statementMap": {
      "0": {
        "start": { "line": 2, "column": 18 },
        "end": { "line": 2, "column": 38 }
      },
      "1": {
        "start": { "line": 3, "column": 0 },
        "end": { "line": 74, "column": 2 }
      },
      "2": {
        "start": { "line": 12, "column": 6 },
        "end": { "line": 15, "column": 9 }
      },
      "3": {
        "start": { "line": 16, "column": 6 },
        "end": { "line": 18, "column": 9 }
      },
      "4": {
        "start": { "line": 21, "column": 6 },
        "end": { "line": 26, "column": 9 }
      },
      "5": {
        "start": { "line": 29, "column": 6 },
        "end": { "line": 33, "column": 9 }
      },
      "6": {
        "start": { "line": 36, "column": 6 },
        "end": { "line": 39, "column": 9 }
      },
      "7": {
        "start": { "line": 42, "column": 6 },
        "end": { "line": 46, "column": 9 }
      },
      "8": {
        "start": { "line": 49, "column": 6 },
        "end": { "line": 58, "column": 8 }
      },
      "9": {
        "start": { "line": 61, "column": 2 },
        "end": { "line": 72, "column": 4 }
      },
      "10": {
        "start": { "line": 73, "column": 2 },
        "end": { "line": 73, "column": 16 }
      }
    },
    "fnMap": {
      "0": {
        "name": "(anonymous_0)",
        "decl": {
          "start": { "line": 3, "column": 17 },
          "end": { "line": 3, "column": 18 }
        },
        "loc": {
          "start": { "line": 3, "column": 43 },
          "end": { "line": 74, "column": 1 }
        },
        "line": 3
      },
      "1": {
        "name": "(anonymous_1)",
        "decl": {
          "start": { "line": 10, "column": 4 },
          "end": { "line": 10, "column": 5 }
        },
        "loc": {
          "start": { "line": 10, "column": 29 },
          "end": { "line": 19, "column": 5 }
        },
        "line": 10
      },
      "2": {
        "name": "(anonymous_2)",
        "decl": {
          "start": { "line": 20, "column": 4 },
          "end": { "line": 20, "column": 5 }
        },
        "loc": {
          "start": { "line": 20, "column": 43 },
          "end": { "line": 27, "column": 5 }
        },
        "line": 20
      },
      "3": {
        "name": "(anonymous_3)",
        "decl": {
          "start": { "line": 28, "column": 4 },
          "end": { "line": 28, "column": 5 }
        },
        "loc": {
          "start": { "line": 28, "column": 34 },
          "end": { "line": 34, "column": 5 }
        },
        "line": 28
      },
      "4": {
        "name": "(anonymous_4)",
        "decl": {
          "start": { "line": 35, "column": 4 },
          "end": { "line": 35, "column": 5 }
        },
        "loc": {
          "start": { "line": 35, "column": 54 },
          "end": { "line": 40, "column": 5 }
        },
        "line": 35
      },
      "5": {
        "name": "(anonymous_5)",
        "decl": {
          "start": { "line": 41, "column": 4 },
          "end": { "line": 41, "column": 5 }
        },
        "loc": {
          "start": { "line": 41, "column": 28 },
          "end": { "line": 47, "column": 5 }
        },
        "line": 41
      },
      "6": {
        "name": "(anonymous_6)",
        "decl": {
          "start": { "line": 48, "column": 4 },
          "end": { "line": 48, "column": 5 }
        },
        "loc": {
          "start": { "line": 48, "column": 40 },
          "end": { "line": 59, "column": 5 }
        },
        "line": 48
      }
    },
    "branchMap": {},
    "s": {
      "0": 1,
      "1": 1,
      "2": 1,
      "3": 1,
      "4": 2,
      "5": 0,
      "6": 3,
      "7": 0,
      "8": 0,
      "9": 1,
      "10": 1
    },
    "f": { "0": 1, "1": 1, "2": 2, "3": 0, "4": 3, "5": 0, "6": 0 },
    "b": {},
    "_coverageSchema": "1a1c01bbd47fc00a2c39e90264f33305004495a9",
    "hash": "239dfb0a8d072bc5f4218c73f1744fdf0fadc6a6"
  },
  "/home/nithish/new/VoteOnline/models/questions.js": {
    "path": "/home/nithish/new/VoteOnline/models/questions.js",
    "statementMap": {
      "0": {
        "start": { "line": 2, "column": 18 },
        "end": { "line": 2, "column": 38 }
      },
      "1": {
        "start": { "line": 3, "column": 0 },
        "end": { "line": 102, "column": 2 }
      },
      "2": {
        "start": { "line": 12, "column": 6 },
        "end": { "line": 14, "column": 9 }
      },
      "3": {
        "start": { "line": 15, "column": 6 },
        "end": { "line": 17, "column": 9 }
      },
      "4": {
        "start": { "line": 18, "column": 6 },
        "end": { "line": 20, "column": 9 }
      },
      "5": {
        "start": { "line": 23, "column": 6 },
        "end": { "line": 27, "column": 9 }
      },
      "6": {
        "start": { "line": 30, "column": 6 },
        "end": { "line": 35, "column": 9 }
      },
      "7": {
        "start": { "line": 38, "column": 6 },
        "end": { "line": 42, "column": 9 }
      },
      "8": {
        "start": { "line": 45, "column": 6 },
        "end": { "line": 49, "column": 9 }
      },
      "9": {
        "start": { "line": 52, "column": 6 },
        "end": { "line": 56, "column": 9 }
      },
      "10": {
        "start": { "line": 59, "column": 6 },
        "end": { "line": 64, "column": 9 }
      },
      "11": {
        "start": { "line": 67, "column": 6 },
        "end": { "line": 71, "column": 9 }
      },
      "12": {
        "start": { "line": 74, "column": 6 },
        "end": { "line": 85, "column": 8 }
      },
      "13": {
        "start": { "line": 88, "column": 2 },
        "end": { "line": 100, "column": 4 }
      },
      "14": {
        "start": { "line": 101, "column": 2 },
        "end": { "line": 101, "column": 19 }
      }
    },
    "fnMap": {
      "0": {
        "name": "(anonymous_0)",
        "decl": {
          "start": { "line": 3, "column": 17 },
          "end": { "line": 3, "column": 18 }
        },
        "loc": {
          "start": { "line": 3, "column": 43 },
          "end": { "line": 102, "column": 1 }
        },
        "line": 3
      },
      "1": {
        "name": "(anonymous_1)",
        "decl": {
          "start": { "line": 10, "column": 4 },
          "end": { "line": 10, "column": 5 }
        },
        "loc": {
          "start": { "line": 10, "column": 29 },
          "end": { "line": 21, "column": 5 }
        },
        "line": 10
      },
      "2": {
        "name": "(anonymous_2)",
        "decl": {
          "start": { "line": 22, "column": 4 },
          "end": { "line": 22, "column": 5 }
        },
        "loc": {
          "start": { "line": 22, "column": 65 },
          "end": { "line": 28, "column": 5 }
        },
        "line": 22
      },
      "3": {
        "name": "(anonymous_3)",
        "decl": {
          "start": { "line": 29, "column": 4 },
          "end": { "line": 29, "column": 5 }
        },
        "loc": {
          "start": { "line": 29, "column": 45 },
          "end": { "line": 36, "column": 5 }
        },
        "line": 29
      },
      "4": {
        "name": "(anonymous_4)",
        "decl": {
          "start": { "line": 37, "column": 4 },
          "end": { "line": 37, "column": 5 }
        },
        "loc": {
          "start": { "line": 37, "column": 46 },
          "end": { "line": 43, "column": 5 }
        },
        "line": 37
      },
      "5": {
        "name": "(anonymous_5)",
        "decl": {
          "start": { "line": 44, "column": 4 },
          "end": { "line": 44, "column": 5 }
        },
        "loc": {
          "start": { "line": 44, "column": 33 },
          "end": { "line": 50, "column": 5 }
        },
        "line": 44
      },
      "6": {
        "name": "(anonymous_6)",
        "decl": {
          "start": { "line": 51, "column": 4 },
          "end": { "line": 51, "column": 5 }
        },
        "loc": {
          "start": { "line": 51, "column": 30 },
          "end": { "line": 57, "column": 5 }
        },
        "line": 51
      },
      "7": {
        "name": "(anonymous_7)",
        "decl": {
          "start": { "line": 58, "column": 4 },
          "end": { "line": 58, "column": 5 }
        },
        "loc": {
          "start": { "line": 58, "column": 54 },
          "end": { "line": 65, "column": 5 }
        },
        "line": 58
      },
      "8": {
        "name": "(anonymous_8)",
        "decl": {
          "start": { "line": 66, "column": 4 },
          "end": { "line": 66, "column": 5 }
        },
        "loc": {
          "start": { "line": 66, "column": 45 },
          "end": { "line": 72, "column": 5 }
        },
        "line": 66
      },
      "9": {
        "name": "(anonymous_9)",
        "decl": {
          "start": { "line": 73, "column": 4 },
          "end": { "line": 73, "column": 5 }
        },
        "loc": {
          "start": { "line": 73, "column": 73 },
          "end": { "line": 86, "column": 5 }
        },
        "line": 73
      }
    },
    "branchMap": {},
    "s": {
      "0": 1,
      "1": 1,
      "2": 1,
      "3": 1,
      "4": 1,
      "5": 3,
      "6": 0,
      "7": 0,
      "8": 0,
      "9": 0,
      "10": 0,
      "11": 5,
      "12": 0,
      "13": 1,
      "14": 1
    },
    "f": {
      "0": 1,
      "1": 1,
      "2": 3,
      "3": 0,
      "4": 0,
      "5": 0,
      "6": 0,
      "7": 0,
      "8": 5,
      "9": 0
    },
    "b": {},
    "_coverageSchema": "1a1c01bbd47fc00a2c39e90264f33305004495a9",
    "hash": "644e2ce8dd32f2a8ed88958d828d566f3338ae8e"
  },
  "/home/nithish/new/VoteOnline/models/voter.js": {
    "path": "/home/nithish/new/VoteOnline/models/voter.js",
    "statementMap": {
      "0": {
        "start": { "line": 2, "column": 18 },
        "end": { "line": 2, "column": 38 }
      },
      "1": {
        "start": { "line": 3, "column": 0 },
        "end": { "line": 126, "column": 2 }
      },
      "2": {
        "start": { "line": 12, "column": 6 },
        "end": { "line": 14, "column": 9 }
      },
      "3": {
        "start": { "line": 15, "column": 6 },
        "end": { "line": 17, "column": 9 }
      },
      "4": {
        "start": { "line": 20, "column": 6 },
        "end": { "line": 24, "column": 9 }
      },
      "5": {
        "start": { "line": 27, "column": 6 },
        "end": { "line": 32, "column": 9 }
      },
      "6": {
        "start": { "line": 35, "column": 6 },
        "end": { "line": 40, "column": 9 }
      },
      "7": {
        "start": { "line": 43, "column": 6 },
        "end": { "line": 52, "column": 8 }
      },
      "8": {
        "start": { "line": 55, "column": 6 },
        "end": { "line": 66, "column": 8 }
      },
      "9": {
        "start": { "line": 69, "column": 6 },
        "end": { "line": 73, "column": 9 }
      },
      "10": {
        "start": { "line": 76, "column": 6 },
        "end": { "line": 81, "column": 9 }
      },
      "11": {
        "start": { "line": 84, "column": 6 },
        "end": { "line": 89, "column": 9 }
      },
      "12": {
        "start": { "line": 92, "column": 6 },
        "end": { "line": 96, "column": 9 }
      },
      "13": {
        "start": { "line": 99, "column": 2 },
        "end": { "line": 124, "column": 4 }
      },
      "14": {
        "start": { "line": 125, "column": 2 },
        "end": { "line": 125, "column": 15 }
      }
    },
    "fnMap": {
      "0": {
        "name": "(anonymous_0)",
        "decl": {
          "start": { "line": 3, "column": 17 },
          "end": { "line": 3, "column": 18 }
        },
        "loc": {
          "start": { "line": 3, "column": 43 },
          "end": { "line": 126, "column": 1 }
        },
        "line": 3
      },
      "1": {
        "name": "(anonymous_1)",
        "decl": {
          "start": { "line": 10, "column": 4 },
          "end": { "line": 10, "column": 5 }
        },
        "loc": {
          "start": { "line": 10, "column": 29 },
          "end": { "line": 18, "column": 5 }
        },
        "line": 10
      },
      "2": {
        "name": "(anonymous_2)",
        "decl": {
          "start": { "line": 19, "column": 4 },
          "end": { "line": 19, "column": 5 }
        },
        "loc": {
          "start": { "line": 19, "column": 70 },
          "end": { "line": 25, "column": 5 }
        },
        "line": 19
      },
      "3": {
        "name": "(anonymous_3)",
        "decl": {
          "start": { "line": 26, "column": 4 },
          "end": { "line": 26, "column": 5 }
        },
        "loc": {
          "start": { "line": 26, "column": 42 },
          "end": { "line": 33, "column": 5 }
        },
        "line": 26
      },
      "4": {
        "name": "(anonymous_4)",
        "decl": {
          "start": { "line": 34, "column": 4 },
          "end": { "line": 34, "column": 5 }
        },
        "loc": {
          "start": { "line": 34, "column": 45 },
          "end": { "line": 41, "column": 5 }
        },
        "line": 34
      },
      "5": {
        "name": "(anonymous_5)",
        "decl": {
          "start": { "line": 42, "column": 4 },
          "end": { "line": 42, "column": 5 }
        },
        "loc": {
          "start": { "line": 42, "column": 29 },
          "end": { "line": 53, "column": 5 }
        },
        "line": 42
      },
      "6": {
        "name": "(anonymous_6)",
        "decl": {
          "start": { "line": 54, "column": 4 },
          "end": { "line": 54, "column": 5 }
        },
        "loc": {
          "start": { "line": 54, "column": 65 },
          "end": { "line": 67, "column": 5 }
        },
        "line": 54
      },
      "7": {
        "name": "(anonymous_7)",
        "decl": {
          "start": { "line": 68, "column": 4 },
          "end": { "line": 68, "column": 5 }
        },
        "loc": {
          "start": { "line": 68, "column": 27 },
          "end": { "line": 74, "column": 5 }
        },
        "line": 68
      },
      "8": {
        "name": "(anonymous_8)",
        "decl": {
          "start": { "line": 75, "column": 4 },
          "end": { "line": 75, "column": 5 }
        },
        "loc": {
          "start": { "line": 75, "column": 42 },
          "end": { "line": 82, "column": 5 }
        },
        "line": 75
      },
      "9": {
        "name": "(anonymous_9)",
        "decl": {
          "start": { "line": 83, "column": 4 },
          "end": { "line": 83, "column": 5 }
        },
        "loc": {
          "start": { "line": 83, "column": 33 },
          "end": { "line": 90, "column": 5 }
        },
        "line": 83
      },
      "10": {
        "name": "(anonymous_10)",
        "decl": {
          "start": { "line": 91, "column": 4 },
          "end": { "line": 91, "column": 5 }
        },
        "loc": {
          "start": { "line": 91, "column": 43 },
          "end": { "line": 97, "column": 5 }
        },
        "line": 91
      }
    },
    "branchMap": {},
    "s": {
      "0": 1,
      "1": 1,
      "2": 1,
      "3": 1,
      "4": 3,
      "5": 0,
      "6": 0,
      "7": 0,
      "8": 0,
      "9": 0,
      "10": 0,
      "11": 0,
      "12": 2,
      "13": 1,
      "14": 1
    },
    "f": {
      "0": 1,
      "1": 1,
      "2": 3,
      "3": 0,
      "4": 0,
      "5": 0,
      "6": 0,
      "7": 0,
      "8": 0,
      "9": 0,
      "10": 2
    },
    "b": {},
    "_coverageSchema": "1a1c01bbd47fc00a2c39e90264f33305004495a9",
    "hash": "dae13eb6677e404818de9ce3954292280bedbde7"
  }
}
