TN:
SF:app.js
FN:43,(anonymous_0)
FN:57,(anonymous_1)
FN:71,(anonymous_2)
FN:73,(anonymous_3)
FN:81,(anonymous_4)
FN:95,(anonymous_5)
FN:97,(anonymous_6)
FN:105,(anonymous_7)
FN:111,(anonymous_8)
FN:114,(anonymous_9)
FN:118,(anonymous_10)
FN:122,(anonymous_11)
FN:129,(anonymous_12)
FN:165,(anonymous_13)
FN:184,(anonymous_14)
FN:185,stringHasTheWhiteSpaceOrNot
FN:230,(anonymous_16)
FN:239,(anonymous_17)
FN:266,(anonymous_18)
FN:306,(anonymous_19)
FN:342,(anonymous_20)
FN:382,(anonymous_21)
FN:421,(anonymous_22)
FN:462,(anonymous_23)
FN:501,(anonymous_24)
FN:538,(anonymous_25)
FN:576,(anonymous_26)
FN:605,(anonymous_27)
FN:639,(anonymous_28)
FN:682,(anonymous_29)
FN:696,(anonymous_30)
FN:722,(anonymous_31)
FN:737,(anonymous_32)
FN:753,(anonymous_33)
FN:770,(anonymous_34)
FN:806,(anonymous_35)
FN:820,(anonymous_36)
FN:856,(anonymous_37)
FN:880,(anonymous_38)
FN:902,(anonymous_39)
FN:937,(anonymous_40)
FN:994,(anonymous_41)
FN:1040,(anonymous_42)
FN:1109,(anonymous_43)
FN:1133,(anonymous_44)
FN:1164,(anonymous_45)
FN:1179,(anonymous_46)
FN:1211,(anonymous_47)
FN:1259,(anonymous_48)
FN:1293,(anonymous_49)
FN:1325,(anonymous_50)
FN:1330,(anonymous_51)
FN:1401,(anonymous_52)
FN:1454,(anonymous_53)
FN:1510,(anonymous_54)
FN:1511,(anonymous_55)
FN:1519,(anonymous_56)
FN:1520,(anonymous_57)
FN:1528,(anonymous_58)
FNF:59
FNH:30
FNDA:0,(anonymous_0)
FNDA:69,(anonymous_1)
FNDA:8,(anonymous_2)
FNDA:8,(anonymous_3)
FNDA:0,(anonymous_4)
FNDA:1,(anonymous_5)
FNDA:1,(anonymous_6)
FNDA:0,(anonymous_7)
FNDA:10,(anonymous_8)
FNDA:46,(anonymous_9)
FNDA:8,(anonymous_10)
FNDA:1,(anonymous_11)
FNDA:1,(anonymous_12)
FNDA:1,(anonymous_13)
FNDA:6,(anonymous_14)
FNDA:6,stringHasTheWhiteSpaceOrNot
FNDA:8,(anonymous_16)
FNDA:8,(anonymous_17)
FNDA:0,(anonymous_18)
FNDA:0,(anonymous_19)
FNDA:0,(anonymous_20)
FNDA:0,(anonymous_21)
FNDA:2,(anonymous_22)
FNDA:0,(anonymous_23)
FNDA:0,(anonymous_24)
FNDA:0,(anonymous_25)
FNDA:0,(anonymous_26)
FNDA:0,(anonymous_27)
FNDA:0,(anonymous_28)
FNDA:3,(anonymous_29)
FNDA:0,(anonymous_30)
FNDA:6,(anonymous_31)
FNDA:3,(anonymous_32)
FNDA:3,(anonymous_33)
FNDA:3,(anonymous_34)
FNDA:0,(anonymous_35)
FNDA:0,(anonymous_36)
FNDA:0,(anonymous_37)
FNDA:0,(anonymous_38)
FNDA:0,(anonymous_39)
FNDA:0,(anonymous_40)
FNDA:0,(anonymous_41)
FNDA:2,(anonymous_42)
FNDA:1,(anonymous_43)
FNDA:0,(anonymous_44)
FNDA:3,(anonymous_45)
FNDA:3,(anonymous_46)
FNDA:2,(anonymous_47)
FNDA:0,(anonymous_48)
FNDA:1,(anonymous_49)
FNDA:1,(anonymous_50)
FNDA:0,(anonymous_51)
FNDA:0,(anonymous_52)
FNDA:0,(anonymous_53)
FNDA:2,(anonymous_54)
FNDA:2,(anonymous_55)
FNDA:0,(anonymous_56)
FNDA:0,(anonymous_57)
FNDA:0,(anonymous_58)
DA:3,1
DA:4,1
DA:5,1
DA:6,1
DA:7,1
DA:8,1
DA:17,1
DA:18,1
DA:19,1
DA:20,1
DA:21,1
DA:22,1
DA:23,1
DA:24,1
DA:25,1
DA:26,1
DA:27,1
DA:28,1
DA:29,1
DA:31,1
DA:32,1
DA:34,1
DA:36,1
DA:37,1
DA:39,1
DA:40,1
DA:42,1
DA:43,1
DA:44,0
DA:49,1
DA:57,1
DA:58,69
DA:59,69
DA:62,1
DA:63,1
DA:64,1
DA:72,8
DA:74,8
DA:75,8
DA:76,8
DA:78,0
DA:82,0
DA:88,1
DA:96,1
DA:98,1
DA:99,1
DA:100,1
DA:102,0
DA:106,0
DA:111,1
DA:112,10
DA:114,1
DA:115,46
DA:118,1
DA:119,8
DA:122,1
DA:123,1
DA:129,1
DA:130,1
DA:131,1
DA:132,1
DA:133,1
DA:134,0
DA:135,0
DA:137,1
DA:138,0
DA:139,0
DA:141,1
DA:142,0
DA:143,0
DA:145,1
DA:146,0
DA:147,0
DA:149,1
DA:150,0
DA:151,0
DA:158,1
DA:165,1
DA:166,1
DA:167,0
DA:168,0
DA:170,1
DA:174,0
DA:175,0
DA:177,0
DA:181,1
DA:186,6
DA:188,6
DA:189,6
DA:190,6
DA:191,0
DA:192,0
DA:194,6
DA:196,6
DA:197,6
DA:198,0
DA:199,0
DA:200,0
DA:202,6
DA:203,6
DA:208,6
DA:212,6
DA:216,6
DA:218,0
DA:219,0
DA:224,1
DA:231,8
DA:232,8
DA:236,1
DA:240,8
DA:241,0
DA:243,8
DA:244,8
DA:245,8
DA:246,8
DA:247,2
DA:254,6
DA:257,0
DA:258,0
DA:267,0
DA:268,0
DA:269,0
DA:272,0
DA:273,0
DA:274,0
DA:276,0
DA:277,0
DA:278,0
DA:282,0
DA:283,0
DA:284,0
DA:289,0
DA:294,0
DA:295,0
DA:297,0
DA:298,0
DA:303,1
DA:307,0
DA:308,0
DA:309,0
DA:312,0
DA:313,0
DA:315,0
DA:316,0
DA:318,0
DA:319,0
DA:323,0
DA:328,0
DA:330,0
DA:331,0
DA:333,0
DA:334,0
DA:339,1
DA:343,0
DA:344,0
DA:345,0
DA:346,0
DA:347,0
DA:351,0
DA:353,0
DA:354,0
DA:358,0
DA:360,0
DA:361,0
DA:362,0
DA:365,0
DA:368,0
DA:370,0
DA:371,0
DA:373,0
DA:374,0
DA:379,1
DA:383,0
DA:384,0
DA:385,0
DA:386,0
DA:387,0
DA:388,0
DA:389,0
DA:391,0
DA:392,0
DA:394,0
DA:398,0
DA:399,0
DA:400,0
DA:410,0
DA:412,0
DA:413,0
DA:422,2
DA:423,0
DA:425,2
DA:426,2
DA:427,2
DA:428,2
DA:429,2
DA:430,2
DA:432,2
DA:433,2
DA:435,2
DA:436,2
DA:437,2
DA:438,0
DA:447,2
DA:450,0
DA:454,0
DA:459,1
DA:463,0
DA:464,0
DA:465,0
DA:466,0
DA:467,0
DA:468,0
DA:470,0
DA:471,0
DA:472,0
DA:474,0
DA:475,0
DA:476,0
DA:478,0
DA:481,0
DA:489,0
DA:490,0
DA:492,0
DA:493,0
DA:498,1
DA:502,0
DA:503,0
DA:504,0
DA:505,0
DA:506,0
DA:507,0
DA:509,0
DA:510,0
DA:511,0
DA:513,0
DA:514,0
DA:515,0
DA:517,0
DA:518,0
DA:526,0
DA:527,0
DA:529,0
DA:530,0
DA:535,1
DA:539,0
DA:540,0
DA:541,0
DA:542,0
DA:546,0
DA:547,0
DA:548,0
DA:549,0
DA:550,0
DA:552,0
DA:553,0
DA:555,0
DA:556,0
DA:558,0
DA:562,0
DA:564,0
DA:565,0
DA:567,0
DA:568,0
DA:573,1
DA:577,0
DA:578,0
DA:579,0
DA:580,0
DA:581,0
DA:582,0
DA:584,0
DA:585,0
DA:587,0
DA:588,0
DA:590,0
DA:591,0
DA:593,0
DA:594,0
DA:596,0
DA:597,0
DA:602,1
DA:606,0
DA:607,0
DA:608,0
DA:609,0
DA:610,0
DA:612,0
DA:613,0
DA:615,0
DA:616,0
DA:620,0
DA:625,0
DA:627,0
DA:628,0
DA:630,0
DA:631,0
DA:636,1
DA:640,0
DA:641,0
DA:642,0
DA:643,0
DA:644,0
DA:646,0
DA:647,0
DA:649,0
DA:650,0
DA:651,0
DA:653,0
DA:656,0
DA:657,0
DA:658,0
DA:663,0
DA:664,0
DA:665,0
DA:667,0
DA:670,0
DA:671,0
DA:673,0
DA:674,0
DA:679,1
DA:683,3
DA:684,0
DA:686,3
DA:693,1
DA:697,0
DA:698,0
DA:700,0
DA:701,0
DA:704,0
DA:706,0
DA:714,0
DA:719,1
DA:723,6
DA:724,0
DA:725,0
DA:727,6
DA:734,1
DA:738,3
DA:743,3
DA:744,3
DA:750,1
DA:754,3
DA:755,0
DA:756,0
DA:758,3
DA:767,1
DA:771,3
DA:772,3
DA:773,0
DA:774,0
DA:779,3
DA:780,3
DA:781,3
DA:782,3
DA:784,3
DA:790,3
DA:791,3
DA:795,0
DA:796,0
DA:803,1
DA:807,0
DA:808,0
DA:811,0
DA:812,0
DA:817,1
DA:821,0
DA:822,0
DA:823,0
DA:824,0
DA:826,0
DA:827,0
DA:828,0
DA:830,0
DA:831,0
DA:832,0
DA:834,0
DA:838,0
DA:839,0
DA:843,0
DA:845,0
DA:849,0
DA:853,0
DA:854,0
DA:855,0
DA:857,0
DA:860,0
DA:861,0
DA:863,0
DA:864,0
DA:867,0
DA:868,0
DA:870,0
DA:871,0
DA:877,1
DA:881,0
DA:882,0
DA:883,0
DA:885,0
DA:886,0
DA:887,0
DA:888,0
DA:889,0
DA:899,1
DA:903,0
DA:904,0
DA:905,0
DA:908,0
DA:910,0
DA:911,0
DA:912,0
DA:914,0
DA:915,0
DA:916,0
DA:918,0
DA:925,0
DA:926,0
DA:928,0
DA:929,0
DA:934,1
DA:938,0
DA:939,0
DA:940,0
DA:941,0
DA:945,0
DA:946,0
DA:947,0
DA:951,0
DA:952,0
DA:953,0
DA:958,0
DA:959,0
DA:962,0
DA:963,0
DA:964,0
DA:966,0
DA:967,0
DA:968,0
DA:970,0
DA:975,0
DA:976,0
DA:977,0
DA:982,0
DA:983,0
DA:985,0
DA:986,0
DA:991,1
DA:995,0
DA:996,0
DA:997,0
DA:1000,0
DA:1001,0
DA:1005,0
DA:1006,0
DA:1008,0
DA:1011,0
DA:1012,0
DA:1013,0
DA:1014,0
DA:1018,0
DA:1019,0
DA:1020,0
DA:1024,0
DA:1025,0
DA:1028,0
DA:1029,0
DA:1031,0
DA:1032,0
DA:1037,1
DA:1041,2
DA:1042,2
DA:1043,2
DA:1044,2
DA:1045,0
DA:1046,0
DA:1048,2
DA:1049,2
DA:1050,2
DA:1051,2
DA:1052,1
DA:1055,1
DA:1056,0
DA:1060,0
DA:1064,0
DA:1068,1
DA:1071,2
DA:1072,1
DA:1076,1
DA:1081,1
DA:1082,0
DA:1086,0
DA:1089,1
DA:1097,0
DA:1098,0
DA:1100,0
DA:1101,0
DA:1106,1
DA:1110,1
DA:1111,1
DA:1112,1
DA:1113,1
DA:1114,0
DA:1118,1
DA:1119,1
DA:1121,0
DA:1122,0
DA:1124,0
DA:1125,0
DA:1130,1
DA:1134,0
DA:1135,0
DA:1136,0
DA:1139,0
DA:1140,0
DA:1144,0
DA:1145,0
DA:1147,0
DA:1150,0
DA:1152,0
DA:1153,0
DA:1155,0
DA:1156,0
DA:1161,1
DA:1165,3
DA:1166,0
DA:1167,0
DA:1169,3
DA:1176,1
DA:1180,3
DA:1181,3
DA:1182,3
DA:1183,0
DA:1184,0
DA:1186,3
DA:1187,0
DA:1188,0
DA:1190,3
DA:1191,3
DA:1195,3
DA:1196,3
DA:1201,3
DA:1203,0
DA:1204,0
DA:1206,0
DA:1211,1
DA:1212,2
DA:1213,2
DA:1214,0
DA:1216,2
DA:1217,1
DA:1218,1
DA:1220,1
DA:1221,0
DA:1222,0
DA:1224,1
DA:1225,1
DA:1228,1
DA:1229,0
DA:1231,1
DA:1232,1
DA:1233,1
DA:1234,1
DA:1235,1
DA:1236,1
DA:1238,1
DA:1248,0
DA:1249,0
DA:1250,0
DA:1251,0
DA:1254,0
DA:1255,0
DA:1259,1
DA:1260,0
DA:1261,0
DA:1262,0
DA:1264,0
DA:1265,0
DA:1266,0
DA:1268,0
DA:1269,0
DA:1270,0
DA:1271,0
DA:1272,0
DA:1274,0
DA:1275,0
DA:1276,0
DA:1277,0
DA:1278,0
DA:1285,0
DA:1286,0
DA:1288,0
DA:1289,0
DA:1293,1
DA:1294,1
DA:1295,1
DA:1296,0
DA:1299,1
DA:1302,1
DA:1303,1
DA:1310,0
DA:1311,0
DA:1314,0
DA:1315,0
DA:1319,1
DA:1326,1
DA:1330,1
DA:1331,0
DA:1332,0
DA:1335,0
DA:1336,0
DA:1340,0
DA:1342,0
DA:1343,0
DA:1345,0
DA:1346,0
DA:1348,0
DA:1349,0
DA:1351,0
DA:1353,0
DA:1354,0
DA:1355,0
DA:1356,0
DA:1357,0
DA:1358,0
DA:1359,0
DA:1360,0
DA:1361,0
DA:1362,0
DA:1363,0
DA:1364,0
DA:1365,0
DA:1366,0
DA:1374,0
DA:1375,0
DA:1376,0
DA:1377,0
DA:1379,0
DA:1380,0
DA:1381,0
DA:1382,0
DA:1396,0
DA:1397,0
DA:1401,1
DA:1402,0
DA:1403,0
DA:1407,0
DA:1408,0
DA:1409,0
DA:1410,0
DA:1411,0
DA:1412,0
DA:1413,0
DA:1414,0
DA:1415,0
DA:1416,0
DA:1417,0
DA:1418,0
DA:1419,0
DA:1420,0
DA:1428,0
DA:1429,0
DA:1430,0
DA:1431,0
DA:1433,0
DA:1434,0
DA:1435,0
DA:1436,0
DA:1450,0
DA:1451,0
DA:1454,1
DA:1455,0
DA:1456,0
DA:1457,0
DA:1458,0
DA:1459,0
DA:1461,0
DA:1462,0
DA:1463,0
DA:1464,0
DA:1465,0
DA:1466,0
DA:1467,0
DA:1468,0
DA:1469,0
DA:1470,0
DA:1471,0
DA:1472,0
DA:1473,0
DA:1474,0
DA:1475,0
DA:1483,0
DA:1484,0
DA:1485,0
DA:1486,0
DA:1488,0
DA:1489,0
DA:1490,0
DA:1491,0
DA:1505,0
DA:1506,0
DA:1510,1
DA:1511,2
DA:1512,2
DA:1513,0
DA:1515,2
DA:1519,1
DA:1520,0
DA:1521,0
DA:1522,0
DA:1524,0
DA:1528,1
DA:1529,0
DA:1532,1
LF:712
LH:215
BRDA:75,0,0,8
BRDA:75,0,1,0
BRDA:99,1,0,1
BRDA:99,1,1,0
BRDA:133,2,0,0
BRDA:133,2,1,1
BRDA:137,3,0,0
BRDA:137,3,1,1
BRDA:141,4,0,0
BRDA:141,4,1,1
BRDA:145,5,0,0
BRDA:145,5,1,1
BRDA:149,6,0,0
BRDA:149,6,1,1
BRDA:166,7,0,0
BRDA:166,7,1,1
BRDA:188,8,0,6
BRDA:188,8,1,0
BRDA:190,9,0,0
BRDA:190,9,1,6
BRDA:197,10,0,0
BRDA:197,10,1,6
BRDA:218,11,0,0
BRDA:218,11,1,0
BRDA:240,12,0,0
BRDA:240,12,1,8
BRDA:246,13,0,2
BRDA:246,13,1,6
BRDA:267,14,0,0
BRDA:267,14,1,0
BRDA:272,15,0,0
BRDA:272,15,1,0
BRDA:276,16,0,0
BRDA:276,16,1,0
BRDA:282,17,0,0
BRDA:282,17,1,0
BRDA:297,18,0,0
BRDA:297,18,1,0
BRDA:307,19,0,0
BRDA:307,19,1,0
BRDA:312,20,0,0
BRDA:312,20,1,0
BRDA:315,21,0,0
BRDA:315,21,1,0
BRDA:318,22,0,0
BRDA:318,22,1,0
BRDA:333,23,0,0
BRDA:333,23,1,0
BRDA:343,24,0,0
BRDA:343,24,1,0
BRDA:346,25,0,0
BRDA:346,25,1,0
BRDA:353,26,0,0
BRDA:353,26,1,0
BRDA:360,27,0,0
BRDA:360,27,1,0
BRDA:373,28,0,0
BRDA:373,28,1,0
BRDA:383,29,0,0
BRDA:383,29,1,0
BRDA:387,30,0,0
BRDA:387,30,1,0
BRDA:391,31,0,0
BRDA:391,31,1,0
BRDA:412,32,0,0
BRDA:412,32,1,0
BRDA:422,33,0,0
BRDA:422,33,1,2
BRDA:436,34,0,2
BRDA:436,34,1,0
BRDA:437,35,0,0
BRDA:437,35,1,2
BRDA:463,36,0,0
BRDA:463,36,1,0
BRDA:466,37,0,0
BRDA:466,37,1,0
BRDA:470,38,0,0
BRDA:470,38,1,0
BRDA:474,39,0,0
BRDA:474,39,1,0
BRDA:492,40,0,0
BRDA:492,40,1,0
BRDA:502,41,0,0
BRDA:502,41,1,0
BRDA:505,42,0,0
BRDA:505,42,1,0
BRDA:509,43,0,0
BRDA:509,43,1,0
BRDA:513,44,0,0
BRDA:513,44,1,0
BRDA:529,45,0,0
BRDA:529,45,1,0
BRDA:539,46,0,0
BRDA:539,46,1,0
BRDA:540,47,0,0
BRDA:540,47,1,0
BRDA:548,48,0,0
BRDA:548,48,1,0
BRDA:552,49,0,0
BRDA:552,49,1,0
BRDA:555,50,0,0
BRDA:555,50,1,0
BRDA:567,51,0,0
BRDA:567,51,1,0
BRDA:577,52,0,0
BRDA:577,52,1,0
BRDA:580,53,0,0
BRDA:580,53,1,0
BRDA:584,54,0,0
BRDA:584,54,1,0
BRDA:587,55,0,0
BRDA:587,55,1,0
BRDA:596,56,0,0
BRDA:596,56,1,0
BRDA:606,57,0,0
BRDA:606,57,1,0
BRDA:609,58,0,0
BRDA:609,58,1,0
BRDA:612,59,0,0
BRDA:612,59,1,0
BRDA:615,60,0,0
BRDA:615,60,1,0
BRDA:630,61,0,0
BRDA:630,61,1,0
BRDA:640,62,0,0
BRDA:640,62,1,0
BRDA:643,63,0,0
BRDA:643,63,1,0
BRDA:646,64,0,0
BRDA:646,64,1,0
BRDA:649,65,0,0
BRDA:649,65,1,0
BRDA:656,66,0,0
BRDA:656,66,1,0
BRDA:663,67,0,0
BRDA:663,67,1,0
BRDA:673,68,0,0
BRDA:673,68,1,0
BRDA:683,69,0,0
BRDA:683,69,1,3
BRDA:697,70,0,0
BRDA:697,70,1,0
BRDA:723,71,0,0
BRDA:723,71,1,6
BRDA:754,72,0,0
BRDA:754,72,1,3
BRDA:772,73,0,0
BRDA:772,73,1,3
BRDA:807,74,0,0
BRDA:807,74,1,0
BRDA:811,75,0,0
BRDA:811,75,1,0
BRDA:821,76,0,0
BRDA:821,76,1,0
BRDA:822,77,0,0
BRDA:822,77,1,0
BRDA:826,78,0,0
BRDA:826,78,1,0
BRDA:830,79,0,0
BRDA:830,79,1,0
BRDA:838,80,0,0
BRDA:838,80,1,0
BRDA:853,81,0,0
BRDA:853,81,1,0
BRDA:870,82,0,0
BRDA:870,82,1,0
BRDA:881,83,0,0
BRDA:881,83,1,0
BRDA:903,84,0,0
BRDA:903,84,1,0
BRDA:910,85,0,0
BRDA:910,85,1,0
BRDA:914,86,0,0
BRDA:914,86,1,0
BRDA:928,87,0,0
BRDA:928,87,1,0
BRDA:938,88,0,0
BRDA:938,88,1,0
BRDA:939,89,0,0
BRDA:939,89,1,0
BRDA:945,90,0,0
BRDA:945,90,1,0
BRDA:951,91,0,0
BRDA:951,91,1,0
BRDA:962,92,0,0
BRDA:962,92,1,0
BRDA:966,93,0,0
BRDA:966,93,1,0
BRDA:975,94,0,0
BRDA:975,94,1,0
BRDA:985,95,0,0
BRDA:985,95,1,0
BRDA:995,96,0,0
BRDA:995,96,1,0
BRDA:1000,97,0,0
BRDA:1000,97,1,0
BRDA:1005,98,0,0
BRDA:1005,98,1,0
BRDA:1011,99,0,0
BRDA:1011,99,1,0
BRDA:1013,100,0,0
BRDA:1013,100,1,0
BRDA:1018,101,0,0
BRDA:1018,101,1,0
BRDA:1031,102,0,0
BRDA:1031,102,1,0
BRDA:1041,103,0,2
BRDA:1041,103,1,0
BRDA:1044,104,0,0
BRDA:1044,104,1,2
BRDA:1055,105,0,0
BRDA:1055,105,1,1
BRDA:1071,106,0,1
BRDA:1071,106,1,1
BRDA:1081,107,0,0
BRDA:1081,107,1,1
BRDA:1100,108,0,0
BRDA:1100,108,1,0
BRDA:1110,109,0,1
BRDA:1110,109,1,0
BRDA:1113,110,0,0
BRDA:1113,110,1,1
BRDA:1124,111,0,0
BRDA:1124,111,1,0
BRDA:1134,112,0,0
BRDA:1134,112,1,0
BRDA:1139,113,0,0
BRDA:1139,113,1,0
BRDA:1144,114,0,0
BRDA:1144,114,1,0
BRDA:1155,115,0,0
BRDA:1155,115,1,0
BRDA:1165,116,0,0
BRDA:1165,116,1,3
BRDA:1182,117,0,0
BRDA:1182,117,1,3
BRDA:1186,118,0,0
BRDA:1186,118,1,3
BRDA:1213,119,0,0
BRDA:1213,119,1,2
BRDA:1216,120,0,1
BRDA:1216,120,1,1
BRDA:1220,121,0,0
BRDA:1220,121,1,1
BRDA:1228,122,0,0
BRDA:1228,122,1,1
BRDA:1231,123,0,1
BRDA:1231,123,1,0
BRDA:1232,124,0,1
BRDA:1232,124,1,0
BRDA:1248,125,0,0
BRDA:1248,125,1,0
BRDA:1260,126,0,0
BRDA:1260,126,1,0
BRDA:1264,127,0,0
BRDA:1264,127,1,0
BRDA:1270,128,0,0
BRDA:1270,128,1,0
BRDA:1295,129,0,0
BRDA:1295,129,1,1
BRDA:1302,130,0,1
BRDA:1302,130,1,0
BRDA:1302,131,0,1
BRDA:1302,131,1,1
BRDA:1335,132,0,0
BRDA:1335,132,1,0
BRDA:1335,133,0,0
BRDA:1335,133,1,0
BRDA:1342,134,0,0
BRDA:1342,134,1,0
BRDA:1342,135,0,0
BRDA:1342,135,1,0
BRDA:1345,136,0,0
BRDA:1345,136,1,0
BRDA:1345,137,0,0
BRDA:1345,137,1,0
BRDA:1348,138,0,0
BRDA:1348,138,1,0
BRDA:1348,139,0,0
BRDA:1348,139,1,0
BRDA:1458,140,0,0
BRDA:1458,140,1,0
BRDA:1458,141,0,0
BRDA:1458,141,1,0
BRDA:1461,142,0,0
BRDA:1461,142,1,0
BRDA:1512,143,0,0
BRDA:1512,143,1,2
BRDA:1521,144,0,0
BRDA:1521,144,1,0
BRF:290
BRH:44
end_of_record
TN:
SF:models/admin.js
FN:3,(anonymous_0)
FN:10,(anonymous_1)
FN:13,(anonymous_2)
FNF:3
FNH:2
FNDA:1,(anonymous_0)
FNDA:0,(anonymous_1)
FNDA:1,(anonymous_2)
DA:2,1
DA:3,1
DA:11,0
DA:15,1
DA:20,1
DA:50,1
LF:6
LH:5
BRF:0
BRH:0
end_of_record
TN:
SF:models/election.js
FN:3,(anonymous_0)
FN:10,(anonymous_1)
FN:25,(anonymous_2)
FN:32,(anonymous_3)
FN:46,(anonymous_4)
FN:53,(anonymous_5)
FN:59,(anonymous_6)
FN:67,(anonymous_7)
FN:75,(anonymous_8)
FN:88,(anonymous_9)
FN:103,(anonymous_10)
FNF:11
FNH:7
FNDA:1,(anonymous_0)
FNDA:1,(anonymous_1)
FNDA:6,(anonymous_2)
FNDA:0,(anonymous_3)
FNDA:0,(anonymous_4)
FNDA:0,(anonymous_5)
FNDA:8,(anonymous_6)
FNDA:4,(anonymous_7)
FNDA:1,(anonymous_8)
FNDA:0,(anonymous_9)
FNDA:5,(anonymous_10)
DA:2,1
DA:3,1
DA:12,1
DA:15,1
DA:18,1
DA:21,1
DA:26,6
DA:33,0
DA:47,0
DA:54,0
DA:60,8
DA:68,4
DA:76,1
DA:89,0
DA:104,5
DA:112,1
DA:137,1
LF:17
LH:13
BRF:0
BRH:0
end_of_record
TN:
SF:models/electionanswers.js
FN:3,(anonymous_0)
FN:10,(anonymous_1)
FN:18,(anonymous_2)
FN:25,(anonymous_3)
FN:34,(anonymous_4)
FNF:5
FNH:2
FNDA:1,(anonymous_0)
FNDA:0,(anonymous_1)
FNDA:0,(anonymous_2)
FNDA:0,(anonymous_3)
FNDA:1,(anonymous_4)
DA:2,1
DA:3,1
DA:11,0
DA:19,0
DA:26,0
DA:36,1
DA:39,1
DA:42,1
DA:45,1
DA:50,1
DA:57,1
LF:11
LH:8
BRF:0
BRH:0
end_of_record
TN:
SF:models/index.js
FN:25,(anonymous_0)
FN:30,(anonymous_1)
FN:38,(anonymous_2)
FNF:3
FNH:3
FNDA:7,(anonymous_0)
FNDA:6,(anonymous_1)
FNDA:6,(anonymous_2)
DA:3,1
DA:4,1
DA:5,1
DA:6,1
DA:7,1
DA:8,1
DA:9,1
DA:10,1
DA:13,1
DA:14,0
DA:16,1
DA:24,1
DA:26,7
DA:31,6
DA:35,6
DA:38,1
DA:39,6
DA:40,6
DA:44,1
DA:45,1
DA:47,1
LF:21
LH:20
BRDA:8,0,0,1
BRDA:8,0,1,0
BRDA:13,1,0,0
BRDA:13,1,1,1
BRDA:27,2,0,7
BRDA:27,2,1,7
BRDA:27,2,2,6
BRDA:39,3,0,6
BRDA:39,3,1,0
BRF:9
BRH:6
end_of_record
TN:
SF:models/option.js
FN:3,(anonymous_0)
FN:10,(anonymous_1)
FN:20,(anonymous_2)
FN:28,(anonymous_3)
FN:35,(anonymous_4)
FN:41,(anonymous_5)
FN:48,(anonymous_6)
FNF:7
FNH:4
FNDA:1,(anonymous_0)
FNDA:1,(anonymous_1)
FNDA:2,(anonymous_2)
FNDA:0,(anonymous_3)
FNDA:3,(anonymous_4)
FNDA:0,(anonymous_5)
FNDA:0,(anonymous_6)
DA:2,1
DA:3,1
DA:12,1
DA:16,1
DA:21,2
DA:29,0
DA:36,3
DA:42,0
DA:49,0
DA:61,1
DA:73,1
LF:11
LH:8
BRF:0
BRH:0
end_of_record
TN:
SF:models/questions.js
FN:3,(anonymous_0)
FN:10,(anonymous_1)
FN:22,(anonymous_2)
FN:29,(anonymous_3)
FN:37,(anonymous_4)
FN:44,(anonymous_5)
FN:51,(anonymous_6)
FN:58,(anonymous_7)
FN:66,(anonymous_8)
FN:73,(anonymous_9)
FNF:10
FNH:4
FNDA:1,(anonymous_0)
FNDA:1,(anonymous_1)
FNDA:3,(anonymous_2)
FNDA:0,(anonymous_3)
FNDA:0,(anonymous_4)
FNDA:0,(anonymous_5)
FNDA:0,(anonymous_6)
FNDA:0,(anonymous_7)
FNDA:5,(anonymous_8)
FNDA:0,(anonymous_9)
DA:2,1
DA:3,1
DA:12,1
DA:15,1
DA:18,1
DA:23,3
DA:30,0
DA:38,0
DA:45,0
DA:52,0
DA:59,0
DA:67,5
DA:74,0
DA:88,1
DA:101,1
LF:15
LH:9
BRF:0
BRH:0
end_of_record
TN:
SF:models/voter.js
FN:3,(anonymous_0)
FN:10,(anonymous_1)
FN:19,(anonymous_2)
FN:26,(anonymous_3)
FN:34,(anonymous_4)
FN:42,(anonymous_5)
FN:54,(anonymous_6)
FN:68,(anonymous_7)
FN:75,(anonymous_8)
FN:83,(anonymous_9)
FN:91,(anonymous_10)
FNF:11
FNH:4
FNDA:1,(anonymous_0)
FNDA:1,(anonymous_1)
FNDA:3,(anonymous_2)
FNDA:0,(anonymous_3)
FNDA:0,(anonymous_4)
FNDA:0,(anonymous_5)
FNDA:0,(anonymous_6)
FNDA:0,(anonymous_7)
FNDA:0,(anonymous_8)
FNDA:0,(anonymous_9)
FNDA:2,(anonymous_10)
DA:2,1
DA:3,1
DA:12,1
DA:15,1
DA:20,3
DA:27,0
DA:35,0
DA:43,0
DA:55,0
DA:69,0
DA:76,0
DA:84,0
DA:92,2
DA:99,1
DA:125,1
LF:15
LH:8
BRF:0
BRH:0
end_of_record
